"C:/Users/Hesolyoko/Documents/GitHub/ALessonForMe/LOTUS/LandOfTheUnused/Content/Misc/Misc/SequenceA.uasset" 0
"C:/Users/Hesolyoko/Documents/GitHub/ALessonForMe/LOTUS/LandOfTheUnused/Content/Misc/Misc/SequenceA.uexp" 1
"C:/Users/Hesolyoko/Documents/GitHub/ALessonForMe/LOTUS/LandOfTheUnused/Content/Models/Enemies/Material_005.uasset" 2
"C:/Users/Hesolyoko/Documents/GitHub/ALessonForMe/LOTUS/LandOfTheUnused/Content/Models/Enemies/Material_005.uexp" 3
"C:/Users/Hesolyoko/Documents/GitHub/ALessonForMe/LOTUS/LandOfTheUnused/Content/Models/Environment/Material_005.uasset" 4
"C:/Users/Hesolyoko/Documents/GitHub/ALessonForMe/LOTUS/LandOfTheUnused/Content/Models/Environment/Material_005.uexp" 5
"C:/Users/Hesolyoko/Documents/GitHub/ALessonForMe/LOTUS/LandOfTheUnused/Content/Models/Environment/Fence.uasset" 6
"C:/Users/Hesolyoko/Documents/GitHub/ALessonForMe/LOTUS/LandOfTheUnused/Content/Models/Environment/Fence.uexp" 7
"C:/Users/Hesolyoko/Documents/GitHub/ALessonForMe/LOTUS/LandOfTheUnused/Content/Animations/Characters/Idle/Idle_Skeleton.uasset" 8
"C:/Users/Hesolyoko/Documents/GitHub/ALessonForMe/LOTUS/LandOfTheUnused/Content/Animations/Characters/Idle/Idle_Skeleton.uexp" 9
"C:/Users/Hesolyoko/Documents/GitHub/ALessonForMe/LOTUS/LandOfTheUnused/Content/Animations/Characters/Hit/HitToBody_PhysicsAsset.uasset" 10
"C:/Users/Hesolyoko/Documents/GitHub/ALessonForMe/LOTUS/LandOfTheUnused/Content/Animations/Characters/Hit/HitToBody_PhysicsAsset.uexp" 11
"C:/Users/Hesolyoko/Documents/GitHub/ALessonForMe/LOTUS/LandOfTheUnused/Content/Animations/Characters/Hit/Material_001.uasset" 12
"C:/Users/Hesolyoko/Documents/GitHub/ALessonForMe/LOTUS/LandOfTheUnused/Content/Animations/Characters/Hit/Material_001.uexp" 13
"C:/Users/Hesolyoko/Documents/GitHub/ALessonForMe/LOTUS/LandOfTheUnused/Content/Animations/Characters/Hit/HitToBody.uasset" 14
"C:/Users/Hesolyoko/Documents/GitHub/ALessonForMe/LOTUS/LandOfTheUnused/Content/Animations/Characters/Hit/HitToBody.uexp" 15
"../../../Engine/Content/Animation/DefaultAnimCurveCompressionSettings.uasset" 16
"../../../Engine/Content/Animation/DefaultAnimCurveCompressionSettings.uexp" 17
"../../../Engine/Content/Animation/DefaultAnimBoneCompressionSettings.uasset" 18
"../../../Engine/Content/Animation/DefaultAnimBoneCompressionSettings.uexp" 19
"C:/Users/Hesolyoko/Documents/GitHub/ALessonForMe/LOTUS/LandOfTheUnused/Content/Animations/Characters/Hit/HitToBody_Anim.uasset" 20
"C:/Users/Hesolyoko/Documents/GitHub/ALessonForMe/LOTUS/LandOfTheUnused/Content/Animations/Characters/Hit/HitToBody_Anim.uexp" 21
"C:/Users/Hesolyoko/Documents/GitHub/ALessonForMe/LOTUS/LandOfTheUnused/Content/Animations/Characters/Idle/Material_001.uasset" 22
"C:/Users/Hesolyoko/Documents/GitHub/ALessonForMe/LOTUS/LandOfTheUnused/Content/Animations/Characters/Idle/Material_001.uexp" 23
"C:/Users/Hesolyoko/Documents/GitHub/ALessonForMe/LOTUS/LandOfTheUnused/Content/Animations/Characters/MeleeAttack/StableSwordOutwardSlash_PhysicsAsset.uasset" 24
"C:/Users/Hesolyoko/Documents/GitHub/ALessonForMe/LOTUS/LandOfTheUnused/Content/Animations/Characters/MeleeAttack/StableSwordOutwardSlash_PhysicsAsset.uexp" 25
"C:/Users/Hesolyoko/Documents/GitHub/ALessonForMe/LOTUS/LandOfTheUnused/Content/Animations/Characters/MeleeAttack/Material_001.uasset" 26
"C:/Users/Hesolyoko/Documents/GitHub/ALessonForMe/LOTUS/LandOfTheUnused/Content/Animations/Characters/MeleeAttack/Material_001.uexp" 27
"C:/Users/Hesolyoko/Documents/GitHub/ALessonForMe/LOTUS/LandOfTheUnused/Content/Animations/Characters/MeleeAttack/StableSwordOutwardSlash.uasset" 28
"C:/Users/Hesolyoko/Documents/GitHub/ALessonForMe/LOTUS/LandOfTheUnused/Content/Animations/Characters/MeleeAttack/StableSwordOutwardSlash.uexp" 29
"C:/Users/Hesolyoko/Documents/GitHub/ALessonForMe/LOTUS/LandOfTheUnused/Content/Animations/Characters/OpenChest/OpeningAChest_PhysicsAsset.uasset" 30
"C:/Users/Hesolyoko/Documents/GitHub/ALessonForMe/LOTUS/LandOfTheUnused/Content/Animations/Characters/OpenChest/OpeningAChest_PhysicsAsset.uexp" 31
"C:/Users/Hesolyoko/Documents/GitHub/ALessonForMe/LOTUS/LandOfTheUnused/Content/Animations/Characters/OpenChest/Material_001.uasset" 32
"C:/Users/Hesolyoko/Documents/GitHub/ALessonForMe/LOTUS/LandOfTheUnused/Content/Animations/Characters/OpenChest/Material_001.uexp" 33
"C:/Users/Hesolyoko/Documents/GitHub/ALessonForMe/LOTUS/LandOfTheUnused/Content/Animations/Characters/OpenChest/OpeningAChest.uasset" 34
"C:/Users/Hesolyoko/Documents/GitHub/ALessonForMe/LOTUS/LandOfTheUnused/Content/Animations/Characters/OpenChest/OpeningAChest.uexp" 35
"C:/Users/Hesolyoko/Documents/GitHub/ALessonForMe/LOTUS/LandOfTheUnused/Content/Animations/Characters/OpenChest/OpeningAChest_Anim.uasset" 36
"C:/Users/Hesolyoko/Documents/GitHub/ALessonForMe/LOTUS/LandOfTheUnused/Content/Animations/Characters/OpenChest/OpeningAChest_Anim.uexp" 37
"C:/Users/Hesolyoko/Documents/GitHub/ALessonForMe/LOTUS/LandOfTheUnused/Content/Animations/Characters/OpenDoor/OpeningDoor_PhysicsAsset.uasset" 38
"C:/Users/Hesolyoko/Documents/GitHub/ALessonForMe/LOTUS/LandOfTheUnused/Content/Animations/Characters/OpenDoor/OpeningDoor_PhysicsAsset.uexp" 39
"C:/Users/Hesolyoko/Documents/GitHub/ALessonForMe/LOTUS/LandOfTheUnused/Content/Animations/Characters/OpenDoor/Material_001.uasset" 40
"C:/Users/Hesolyoko/Documents/GitHub/ALessonForMe/LOTUS/LandOfTheUnused/Content/Animations/Characters/OpenDoor/Material_001.uexp" 41
"C:/Users/Hesolyoko/Documents/GitHub/ALessonForMe/LOTUS/LandOfTheUnused/Content/Animations/Characters/OpenDoor/OpeningDoor.uasset" 42
"C:/Users/Hesolyoko/Documents/GitHub/ALessonForMe/LOTUS/LandOfTheUnused/Content/Animations/Characters/OpenDoor/OpeningDoor.uexp" 43
"C:/Users/Hesolyoko/Documents/GitHub/ALessonForMe/LOTUS/LandOfTheUnused/Content/Animations/Characters/OpenDoor/OpeningDoor_Anim.uasset" 44
"C:/Users/Hesolyoko/Documents/GitHub/ALessonForMe/LOTUS/LandOfTheUnused/Content/Animations/Characters/OpenDoor/OpeningDoor_Anim.uexp" 45
"C:/Users/Hesolyoko/Documents/GitHub/ALessonForMe/LOTUS/LandOfTheUnused/Content/Animations/Characters/RangedAttack/Gunplay_PhysicsAsset.uasset" 46
"C:/Users/Hesolyoko/Documents/GitHub/ALessonForMe/LOTUS/LandOfTheUnused/Content/Animations/Characters/RangedAttack/Gunplay_PhysicsAsset.uexp" 47
"C:/Users/Hesolyoko/Documents/GitHub/ALessonForMe/LOTUS/LandOfTheUnused/Content/Animations/Characters/RangedAttack/Material_001.uasset" 48
"C:/Users/Hesolyoko/Documents/GitHub/ALessonForMe/LOTUS/LandOfTheUnused/Content/Animations/Characters/RangedAttack/Material_001.uexp" 49
"C:/Users/Hesolyoko/Documents/GitHub/ALessonForMe/LOTUS/LandOfTheUnused/Content/Animations/Characters/RangedAttack/Gunplay.uasset" 50
"C:/Users/Hesolyoko/Documents/GitHub/ALessonForMe/LOTUS/LandOfTheUnused/Content/Animations/Characters/RangedAttack/Gunplay.uexp" 51
"C:/Users/Hesolyoko/Documents/GitHub/ALessonForMe/LOTUS/LandOfTheUnused/Content/Animations/Characters/RangedAttack/Gunplay_Anim.uasset" 52
"C:/Users/Hesolyoko/Documents/GitHub/ALessonForMe/LOTUS/LandOfTheUnused/Content/Animations/Characters/RangedAttack/Gunplay_Anim.uexp" 53
"C:/Users/Hesolyoko/Documents/GitHub/ALessonForMe/LOTUS/LandOfTheUnused/Content/Animations/Characters/Run/FastRun_PhysicsAsset.uasset" 54
"C:/Users/Hesolyoko/Documents/GitHub/ALessonForMe/LOTUS/LandOfTheUnused/Content/Animations/Characters/Run/FastRun_PhysicsAsset.uexp" 55
"C:/Users/Hesolyoko/Documents/GitHub/ALessonForMe/LOTUS/LandOfTheUnused/Content/Animations/Characters/Run/Material_001.uasset" 56
"C:/Users/Hesolyoko/Documents/GitHub/ALessonForMe/LOTUS/LandOfTheUnused/Content/Animations/Characters/Run/Material_001.uexp" 57
"C:/Users/Hesolyoko/Documents/GitHub/ALessonForMe/LOTUS/LandOfTheUnused/Content/Animations/Characters/Run/FastRun.uasset" 58
"C:/Users/Hesolyoko/Documents/GitHub/ALessonForMe/LOTUS/LandOfTheUnused/Content/Animations/Characters/Run/FastRun.uexp" 59
"C:/Users/Hesolyoko/Documents/GitHub/ALessonForMe/LOTUS/LandOfTheUnused/Content/Animations/Enemies/Death/EnemyDeathblend_PhysicsAsset.uasset" 60
"C:/Users/Hesolyoko/Documents/GitHub/ALessonForMe/LOTUS/LandOfTheUnused/Content/Animations/Enemies/Death/EnemyDeathblend_PhysicsAsset.uexp" 61
"C:/Users/Hesolyoko/Documents/GitHub/ALessonForMe/LOTUS/LandOfTheUnused/Content/Models/Enemies/Teapothead1.uasset" 62
"C:/Users/Hesolyoko/Documents/GitHub/ALessonForMe/LOTUS/LandOfTheUnused/Content/Models/Enemies/Teapothead1.uexp" 63
"C:/Users/Hesolyoko/Documents/GitHub/ALessonForMe/LOTUS/LandOfTheUnused/Content/Models/Enemies/Teapothead1.ubulk" 64
"C:/Users/Hesolyoko/Documents/GitHub/ALessonForMe/LOTUS/LandOfTheUnused/Content/Models/Enemies/FrontColor.uasset" 65
"C:/Users/Hesolyoko/Documents/GitHub/ALessonForMe/LOTUS/LandOfTheUnused/Content/Models/Enemies/FrontColor.uexp" 66
"C:/Users/Hesolyoko/Documents/GitHub/ALessonForMe/LOTUS/LandOfTheUnused/Content/Animations/Enemies/Death/EnemyDeathblend_Skeleton.uasset" 67
"C:/Users/Hesolyoko/Documents/GitHub/ALessonForMe/LOTUS/LandOfTheUnused/Content/Animations/Enemies/Death/EnemyDeathblend_Skeleton.uexp" 68
"C:/Users/Hesolyoko/Documents/GitHub/ALessonForMe/LOTUS/LandOfTheUnused/Content/Animations/Enemies/Death/EnemyDeathblend.uasset" 69
"C:/Users/Hesolyoko/Documents/GitHub/ALessonForMe/LOTUS/LandOfTheUnused/Content/Animations/Enemies/Death/EnemyDeathblend.uexp" 70
"C:/Users/Hesolyoko/Documents/GitHub/ALessonForMe/LOTUS/LandOfTheUnused/Content/Animations/Enemies/Death/EnemyDeathblend_Anim.uasset" 71
"C:/Users/Hesolyoko/Documents/GitHub/ALessonForMe/LOTUS/LandOfTheUnused/Content/Animations/Enemies/Death/EnemyDeathblend_Anim.uexp" 72
"C:/Users/Hesolyoko/Documents/GitHub/ALessonForMe/LOTUS/LandOfTheUnused/Content/Animations/Enemies/Death/FrontColor.uasset" 73
"C:/Users/Hesolyoko/Documents/GitHub/ALessonForMe/LOTUS/LandOfTheUnused/Content/Animations/Enemies/Death/FrontColor.uexp" 74
"C:/Users/Hesolyoko/Documents/GitHub/ALessonForMe/LOTUS/LandOfTheUnused/Content/Animations/Enemies/Hit/EnemyHit_PhysicsAsset.uasset" 75
"C:/Users/Hesolyoko/Documents/GitHub/ALessonForMe/LOTUS/LandOfTheUnused/Content/Animations/Enemies/Hit/EnemyHit_PhysicsAsset.uexp" 76
"C:/Users/Hesolyoko/Documents/GitHub/ALessonForMe/LOTUS/LandOfTheUnused/Content/Animations/Enemies/Hit/FrontColor.uasset" 77
"C:/Users/Hesolyoko/Documents/GitHub/ALessonForMe/LOTUS/LandOfTheUnused/Content/Animations/Enemies/Hit/FrontColor.uexp" 78
"C:/Users/Hesolyoko/Documents/GitHub/ALessonForMe/LOTUS/LandOfTheUnused/Content/Animations/Enemies/Hit/EnemyHit.uasset" 79
"C:/Users/Hesolyoko/Documents/GitHub/ALessonForMe/LOTUS/LandOfTheUnused/Content/Animations/Enemies/Hit/EnemyHit.uexp" 80
"C:/Users/Hesolyoko/Documents/GitHub/ALessonForMe/LOTUS/LandOfTheUnused/Content/Animations/Enemies/Hit/EnemyHit_Anim.uasset" 81
"C:/Users/Hesolyoko/Documents/GitHub/ALessonForMe/LOTUS/LandOfTheUnused/Content/Animations/Enemies/Hit/EnemyHit_Anim.uexp" 82
"C:/Users/Hesolyoko/Documents/GitHub/ALessonForMe/LOTUS/LandOfTheUnused/Content/Animations/Enemies/Walk/FrontColor.uasset" 83
"C:/Users/Hesolyoko/Documents/GitHub/ALessonForMe/LOTUS/LandOfTheUnused/Content/Animations/Enemies/Walk/FrontColor.uexp" 84
"C:/Users/Hesolyoko/Documents/GitHub/ALessonForMe/LOTUS/LandOfTheUnused/Content/Animations/Enemies/Walk/EnemyWalk_PhysicsAsset.uasset" 85
"C:/Users/Hesolyoko/Documents/GitHub/ALessonForMe/LOTUS/LandOfTheUnused/Content/Animations/Enemies/Walk/EnemyWalk_PhysicsAsset.uexp" 86
"C:/Users/Hesolyoko/Documents/GitHub/ALessonForMe/LOTUS/LandOfTheUnused/Content/Animations/Enemies/Walk/EnemyWalk.uasset" 87
"C:/Users/Hesolyoko/Documents/GitHub/ALessonForMe/LOTUS/LandOfTheUnused/Content/Animations/Enemies/Walk/EnemyWalk.uexp" 88
"C:/Users/Hesolyoko/Documents/GitHub/ALessonForMe/LOTUS/LandOfTheUnused/Content/Animations/Enemies/Walk/EnemyWalk_Anim.uasset" 89
"C:/Users/Hesolyoko/Documents/GitHub/ALessonForMe/LOTUS/LandOfTheUnused/Content/Animations/Enemies/Walk/EnemyWalk_Anim.uexp" 90
"C:/Users/Hesolyoko/Documents/GitHub/ALessonForMe/LOTUS/LandOfTheUnused/Content/Animations/Environment/Chestblend1.uasset" 91
"C:/Users/Hesolyoko/Documents/GitHub/ALessonForMe/LOTUS/LandOfTheUnused/Content/Animations/Environment/Chestblend1.uexp" 92
"C:/Users/Hesolyoko/Documents/GitHub/ALessonForMe/LOTUS/LandOfTheUnused/Content/Animations/Environment/Chestblend1.ubulk" 93
"C:/Users/Hesolyoko/Documents/GitHub/ALessonForMe/LOTUS/LandOfTheUnused/Content/Animations/Environment/Material.uasset" 94
"C:/Users/Hesolyoko/Documents/GitHub/ALessonForMe/LOTUS/LandOfTheUnused/Content/Animations/Environment/Material.uexp" 95
"C:/Users/Hesolyoko/Documents/GitHub/ALessonForMe/LOTUS/LandOfTheUnused/Content/Animations/Environment/Chestblend_PhysicsAsset.uasset" 96
"C:/Users/Hesolyoko/Documents/GitHub/ALessonForMe/LOTUS/LandOfTheUnused/Content/Animations/Environment/Chestblend_PhysicsAsset.uexp" 97
"C:/Users/Hesolyoko/Documents/GitHub/ALessonForMe/LOTUS/LandOfTheUnused/Content/Models/Environment/Chestblend_Skeleton.uasset" 98
"C:/Users/Hesolyoko/Documents/GitHub/ALessonForMe/LOTUS/LandOfTheUnused/Content/Models/Environment/Chestblend_Skeleton.uexp" 99
"C:/Users/Hesolyoko/Documents/GitHub/ALessonForMe/LOTUS/LandOfTheUnused/Content/Animations/Environment/Chestblend.uasset" 100
"C:/Users/Hesolyoko/Documents/GitHub/ALessonForMe/LOTUS/LandOfTheUnused/Content/Animations/Environment/Chestblend.uexp" 101
"../../../Engine/Content/EngineMaterials/DefaultWhiteGrid.uasset" 102
"../../../Engine/Content/EngineMaterials/DefaultWhiteGrid.uexp" 103
"../../../Engine/Content/EngineMaterials/DefaultWhiteGrid.ubulk" 104
"../../../Engine/Content/EngineDebugMaterials/MAT_LevelColorationLitLightmapUV.uasset" 105
"../../../Engine/Content/EngineDebugMaterials/MAT_LevelColorationLitLightmapUV.uexp" 106
"C:/Users/Hesolyoko/Documents/GitHub/ALessonForMe/LOTUS/LandOfTheUnused/Content/Blueprints/HUD/MainKeypng.uasset" 107
"C:/Users/Hesolyoko/Documents/GitHub/ALessonForMe/LOTUS/LandOfTheUnused/Content/Blueprints/HUD/MainKeypng.uexp" 108
"C:/Users/Hesolyoko/Documents/GitHub/ALessonForMe/LOTUS/LandOfTheUnused/Content/Blueprints/HUD/MainKeypng.ubulk" 109
"C:/Users/Hesolyoko/Documents/GitHub/ALessonForMe/LOTUS/LandOfTheUnused/Content/Blueprints/HUD/Key2Blue.uasset" 110
"C:/Users/Hesolyoko/Documents/GitHub/ALessonForMe/LOTUS/LandOfTheUnused/Content/Blueprints/HUD/Key2Blue.uexp" 111
"C:/Users/Hesolyoko/Documents/GitHub/ALessonForMe/LOTUS/LandOfTheUnused/Content/Blueprints/HUD/Key2Blue.ubulk" 112
"C:/Users/Hesolyoko/Documents/GitHub/ALessonForMe/LOTUS/LandOfTheUnused/Content/Blueprints/HUD/Key1Red.uasset" 113
"C:/Users/Hesolyoko/Documents/GitHub/ALessonForMe/LOTUS/LandOfTheUnused/Content/Blueprints/HUD/Key1Red.uexp" 114
"C:/Users/Hesolyoko/Documents/GitHub/ALessonForMe/LOTUS/LandOfTheUnused/Content/Blueprints/HUD/Key1Red.ubulk" 115
"C:/Users/Hesolyoko/Documents/GitHub/ALessonForMe/LOTUS/LandOfTheUnused/Content/Blueprints/HUD/BlendyLifeIndicator.uasset" 116
"C:/Users/Hesolyoko/Documents/GitHub/ALessonForMe/LOTUS/LandOfTheUnused/Content/Blueprints/HUD/BlendyLifeIndicator.uexp" 117
"C:/Users/Hesolyoko/Documents/GitHub/ALessonForMe/LOTUS/LandOfTheUnused/Content/Blueprints/HUD/BlendyLifeIndicator.ubulk" 118
"../../../Engine/Content/EngineFonts/Faces/DroidSansMono.uasset" 119
"../../../Engine/Content/EngineFonts/Faces/DroidSansMono.uexp" 120
"../../../Engine/Content/EngineFonts/Faces/DroidSansMono.ufont" 121
"../../../Engine/Content/EngineFonts/Faces/DroidSansFallback.uasset" 122
"../../../Engine/Content/EngineFonts/Faces/DroidSansFallback.uexp" 123
"../../../Engine/Content/EngineFonts/Faces/DroidSansFallback.ufont" 124
"../../../Engine/Content/EngineFonts/DroidSansMono.uasset" 125
"../../../Engine/Content/EngineFonts/DroidSansMono.uexp" 126
"C:/Users/Hesolyoko/Documents/GitHub/ALessonForMe/LOTUS/LandOfTheUnused/Content/Misc/Misc/HUD.uasset" 127
"C:/Users/Hesolyoko/Documents/GitHub/ALessonForMe/LOTUS/LandOfTheUnused/Content/Misc/Misc/HUD.uexp" 128
"../../../Engine/Content/EditorBlueprintResources/StandardMacros.uasset" 129
"../../../Engine/Content/EditorBlueprintResources/StandardMacros.uexp" 130
"C:/Users/Hesolyoko/Documents/GitHub/ALessonForMe/LOTUS/LandOfTheUnused/Content/Animations/Characters/Run/FastRun_Anim.uasset" 131
"C:/Users/Hesolyoko/Documents/GitHub/ALessonForMe/LOTUS/LandOfTheUnused/Content/Animations/Characters/Run/FastRun_Anim.uexp" 132
"C:/Users/Hesolyoko/Documents/GitHub/ALessonForMe/LOTUS/LandOfTheUnused/Content/Animations/Characters/Idle/Idle_Anim.uasset" 133
"C:/Users/Hesolyoko/Documents/GitHub/ALessonForMe/LOTUS/LandOfTheUnused/Content/Animations/Characters/Idle/Idle_Anim.uexp" 134
"C:/Users/Hesolyoko/Documents/GitHub/ALessonForMe/LOTUS/LandOfTheUnused/Content/Blueprints/Character/BlendyAnim.uasset" 135
"C:/Users/Hesolyoko/Documents/GitHub/ALessonForMe/LOTUS/LandOfTheUnused/Content/Blueprints/Character/BlendyAnim.uexp" 136
"C:/Users/Hesolyoko/Documents/GitHub/ALessonForMe/LOTUS/LandOfTheUnused/Content/Animations/Characters/MeleeAttack/StableSwordOutwardSlash_Anim.uasset" 137
"C:/Users/Hesolyoko/Documents/GitHub/ALessonForMe/LOTUS/LandOfTheUnused/Content/Animations/Characters/MeleeAttack/StableSwordOutwardSlash_Anim.uexp" 138
"C:/Users/Hesolyoko/Documents/GitHub/ALessonForMe/LOTUS/LandOfTheUnused/Content/Blueprints/Character/BP_AnimBlendy.uasset" 139
"C:/Users/Hesolyoko/Documents/GitHub/ALessonForMe/LOTUS/LandOfTheUnused/Content/Blueprints/Character/BP_AnimBlendy.uexp" 140
"C:/Users/Hesolyoko/Documents/GitHub/ALessonForMe/LOTUS/LandOfTheUnused/Content/Animations/Characters/Idle/Idle_PhysicsAsset.uasset" 141
"C:/Users/Hesolyoko/Documents/GitHub/ALessonForMe/LOTUS/LandOfTheUnused/Content/Animations/Characters/Idle/Idle_PhysicsAsset.uexp" 142
"C:/Users/Hesolyoko/Documents/GitHub/ALessonForMe/LOTUS/LandOfTheUnused/Content/Models/Character/BlendytheCube1.uasset" 143
"C:/Users/Hesolyoko/Documents/GitHub/ALessonForMe/LOTUS/LandOfTheUnused/Content/Models/Character/BlendytheCube1.uexp" 144
"C:/Users/Hesolyoko/Documents/GitHub/ALessonForMe/LOTUS/LandOfTheUnused/Content/Models/Character/BlendytheCube1.ubulk" 145
"C:/Users/Hesolyoko/Documents/GitHub/ALessonForMe/LOTUS/LandOfTheUnused/Content/Models/Character/BlendyTheCubeMaterial.uasset" 146
"C:/Users/Hesolyoko/Documents/GitHub/ALessonForMe/LOTUS/LandOfTheUnused/Content/Models/Character/BlendyTheCubeMaterial.uexp" 147
"C:/Users/Hesolyoko/Documents/GitHub/ALessonForMe/LOTUS/LandOfTheUnused/Content/Animations/Characters/Idle/Idle.uasset" 148
"C:/Users/Hesolyoko/Documents/GitHub/ALessonForMe/LOTUS/LandOfTheUnused/Content/Animations/Characters/Idle/Idle.uexp" 149
"C:/Users/Hesolyoko/Documents/GitHub/ALessonForMe/LOTUS/LandOfTheUnused/Content/Blueprints/Character/BP_Blendy.uasset" 150
"C:/Users/Hesolyoko/Documents/GitHub/ALessonForMe/LOTUS/LandOfTheUnused/Content/Blueprints/Character/BP_Blendy.uexp" 151
"C:/Users/Hesolyoko/Documents/GitHub/ALessonForMe/LOTUS/LandOfTheUnused/Content/Models/Environment/Gate_Cube_003.uasset" 152
"C:/Users/Hesolyoko/Documents/GitHub/ALessonForMe/LOTUS/LandOfTheUnused/Content/Models/Environment/Gate_Cube_003.uexp" 153
"../../../Engine/Content/EngineDebugMaterials/M_SimpleOpaque.uasset" 154
"../../../Engine/Content/EngineDebugMaterials/M_SimpleOpaque.uexp" 155
"../../../Engine/Content/EditorMeshes/Camera/MI_CineCam_Body.uasset" 156
"../../../Engine/Content/EditorMeshes/Camera/MI_CineCam_Body.uexp" 157
"C:/Users/Hesolyoko/Documents/GitHub/ALessonForMe/LOTUS/LandOfTheUnused/Content/Models/Environment/Gate_Cube_001.uasset" 158
"C:/Users/Hesolyoko/Documents/GitHub/ALessonForMe/LOTUS/LandOfTheUnused/Content/Models/Environment/Gate_Cube_001.uexp" 159
"C:/Users/Hesolyoko/Documents/GitHub/ALessonForMe/LOTUS/LandOfTheUnused/Content/Models/Environment/Gate_Cube.uasset" 160
"C:/Users/Hesolyoko/Documents/GitHub/ALessonForMe/LOTUS/LandOfTheUnused/Content/Models/Environment/Gate_Cube.uexp" 161
"C:/Users/Hesolyoko/Documents/GitHub/ALessonForMe/LOTUS/LandOfTheUnused/Content/Blueprints/Environment/BP_GateRed.uasset" 162
"C:/Users/Hesolyoko/Documents/GitHub/ALessonForMe/LOTUS/LandOfTheUnused/Content/Blueprints/Environment/BP_GateRed.uexp" 163
"C:/Users/Hesolyoko/Documents/GitHub/ALessonForMe/LOTUS/LandOfTheUnused/Content/Models/Environment/Flagblend_Cylinder_001.uasset" 164
"C:/Users/Hesolyoko/Documents/GitHub/ALessonForMe/LOTUS/LandOfTheUnused/Content/Models/Environment/Flagblend_Cylinder_001.uexp" 165
"C:/Users/Hesolyoko/Documents/GitHub/ALessonForMe/LOTUS/LandOfTheUnused/Content/Blueprints/Environment/BP_GoalRed.uasset" 166
"C:/Users/Hesolyoko/Documents/GitHub/ALessonForMe/LOTUS/LandOfTheUnused/Content/Blueprints/Environment/BP_GoalRed.uexp" 167
"C:/Users/Hesolyoko/Documents/GitHub/ALessonForMe/LOTUS/LandOfTheUnused/Content/Blueprints/Misc/MasonSprite.uasset" 168
"C:/Users/Hesolyoko/Documents/GitHub/ALessonForMe/LOTUS/LandOfTheUnused/Content/Blueprints/Misc/MasonSprite.uexp" 169
"C:/Users/Hesolyoko/Documents/GitHub/ALessonForMe/LOTUS/LandOfTheUnused/Content/Blueprints/Misc/NibSprite.uasset" 170
"C:/Users/Hesolyoko/Documents/GitHub/ALessonForMe/LOTUS/LandOfTheUnused/Content/Blueprints/Misc/NibSprite.uexp" 171
"C:/Users/Hesolyoko/Documents/GitHub/ALessonForMe/LOTUS/LandOfTheUnused/Content/Blueprints/Misc/NibSprite_Sprite.uasset" 172
"C:/Users/Hesolyoko/Documents/GitHub/ALessonForMe/LOTUS/LandOfTheUnused/Content/Blueprints/Misc/NibSprite_Sprite.uexp" 173
"C:/Users/Hesolyoko/Documents/GitHub/ALessonForMe/LOTUS/LandOfTheUnused/Content/Blueprints/Misc/NobSprite.uasset" 174
"C:/Users/Hesolyoko/Documents/GitHub/ALessonForMe/LOTUS/LandOfTheUnused/Content/Blueprints/Misc/NobSprite.uexp" 175
"C:/Users/Hesolyoko/Documents/GitHub/ALessonForMe/LOTUS/LandOfTheUnused/Content/Misc/Misc/BlendyLifeIndicator2.uasset" 176
"C:/Users/Hesolyoko/Documents/GitHub/ALessonForMe/LOTUS/LandOfTheUnused/Content/Misc/Misc/BlendyLifeIndicator2.uexp" 177
"C:/Users/Hesolyoko/Documents/GitHub/ALessonForMe/LOTUS/LandOfTheUnused/Content/Misc/Misc/BlendyLifeIndicator2.ubulk" 178
"C:/Users/Hesolyoko/Documents/GitHub/ALessonForMe/LOTUS/LandOfTheUnused/Content/Misc/Misc/BlendyLifeIndicator3.uasset" 179
"C:/Users/Hesolyoko/Documents/GitHub/ALessonForMe/LOTUS/LandOfTheUnused/Content/Misc/Misc/BlendyLifeIndicator3.uexp" 180
"C:/Users/Hesolyoko/Documents/GitHub/ALessonForMe/LOTUS/LandOfTheUnused/Content/Misc/Misc/BlendyLifeIndicator3.ubulk" 181
"C:/Users/Hesolyoko/Documents/GitHub/ALessonForMe/LOTUS/LandOfTheUnused/Content/Models/Character/BlendyTheCube_Skeleton.uasset" 182
"C:/Users/Hesolyoko/Documents/GitHub/ALessonForMe/LOTUS/LandOfTheUnused/Content/Models/Character/BlendyTheCube_Skeleton.uexp" 183
"C:/Users/Hesolyoko/Documents/GitHub/ALessonForMe/LOTUS/LandOfTheUnused/Content/Models/Character/BlendyTheCube_PhysicsAsset.uasset" 184
"C:/Users/Hesolyoko/Documents/GitHub/ALessonForMe/LOTUS/LandOfTheUnused/Content/Models/Character/BlendyTheCube_PhysicsAsset.uexp" 185
"C:/Users/Hesolyoko/Documents/GitHub/ALessonForMe/LOTUS/LandOfTheUnused/Content/Models/Character/BlendyTheCube.uasset" 186
"C:/Users/Hesolyoko/Documents/GitHub/ALessonForMe/LOTUS/LandOfTheUnused/Content/Models/Character/BlendyTheCube.uexp" 187
"C:/Users/Hesolyoko/Documents/GitHub/ALessonForMe/LOTUS/LandOfTheUnused/Content/Models/Enemies/FrontColorReducedAlpha.uasset" 188
"C:/Users/Hesolyoko/Documents/GitHub/ALessonForMe/LOTUS/LandOfTheUnused/Content/Models/Enemies/FrontColorReducedAlpha.uexp" 189
"C:/Users/Hesolyoko/Documents/GitHub/ALessonForMe/LOTUS/LandOfTheUnused/Content/Models/Misc/FrontColor.uasset" 190
"C:/Users/Hesolyoko/Documents/GitHub/ALessonForMe/LOTUS/LandOfTheUnused/Content/Models/Misc/FrontColor.uexp" 191
"C:/Users/Hesolyoko/Documents/GitHub/ALessonForMe/LOTUS/LandOfTheUnused/Content/Models/Misc/Sword1.uasset" 192
"C:/Users/Hesolyoko/Documents/GitHub/ALessonForMe/LOTUS/LandOfTheUnused/Content/Models/Misc/Sword1.uexp" 193
"C:/Users/Hesolyoko/Documents/GitHub/ALessonForMe/LOTUS/LandOfTheUnused/Content/Models/Misc/Sword1.ubulk" 194
"C:/Users/Hesolyoko/Documents/GitHub/ALessonForMe/LOTUS/LandOfTheUnused/Content/Models/Misc/Material.uasset" 195
"C:/Users/Hesolyoko/Documents/GitHub/ALessonForMe/LOTUS/LandOfTheUnused/Content/Models/Misc/Material.uexp" 196
"C:/Users/Hesolyoko/Documents/GitHub/ALessonForMe/LOTUS/LandOfTheUnused/Content/Models/Misc/HandSword.uasset" 197
"C:/Users/Hesolyoko/Documents/GitHub/ALessonForMe/LOTUS/LandOfTheUnused/Content/Models/Misc/HandSword.uexp" 198
"../../../Engine/Content/EngineMaterials/T_Default_Material_Grid_N.uasset" 199
"../../../Engine/Content/EngineMaterials/T_Default_Material_Grid_N.uexp" 200
"../../../Engine/Content/EngineMaterials/T_Default_Material_Grid_N.ubulk" 201
"../../../Engine/Content/EngineMaterials/T_Default_Material_Grid_M.uasset" 202
"../../../Engine/Content/EngineMaterials/T_Default_Material_Grid_M.uexp" 203
"../../../Engine/Content/EngineMaterials/T_Default_Material_Grid_M.ubulk" 204
"../../../Engine/Content/Functions/Engine_MaterialFunctions01/Opacity/CameraDepthFade.uasset" 205
"../../../Engine/Content/Functions/Engine_MaterialFunctions01/Opacity/CameraDepthFade.uexp" 206
"../../../Engine/Content/EngineMaterials/WorldGridMaterial.uasset" 207
"../../../Engine/Content/EngineMaterials/WorldGridMaterial.uexp" 208
"../../../Engine/Content/ArtTools/RenderToTexture/Meshes/S_1_Unit_Plane.uasset" 209
"../../../Engine/Content/ArtTools/RenderToTexture/Meshes/S_1_Unit_Plane.uexp" 210
"../../../Engine/Content/EngineMaterials/DefaultMaterial.uasset" 211
"../../../Engine/Content/EngineMaterials/DefaultMaterial.uexp" 212
"../../../Engine/Content/BasicShapes/Cone.uasset" 213
"../../../Engine/Content/BasicShapes/Cone.uexp" 214
"../../../Engine/Content/BasicShapes/Plane.uasset" 215
"../../../Engine/Content/BasicShapes/Plane.uexp" 216
"../../../Engine/Content/BasicShapes/Sphere.uasset" 217
"../../../Engine/Content/BasicShapes/Sphere.uexp" 218
"../../../Engine/Content/EditorLandscapeResources/DataLayer.uasset" 219
"../../../Engine/Content/EditorLandscapeResources/DataLayer.uexp" 220
"../../../Engine/Content/EditorLandscapeResources/DefaultAlphaTexture.uasset" 221
"../../../Engine/Content/EditorLandscapeResources/DefaultAlphaTexture.uexp" 222
"../../../Engine/Content/EditorMaterials/MAT_Groups_Toggle.uasset" 223
"../../../Engine/Content/EditorMaterials/MAT_Groups_Toggle.uexp" 224
"../../../Engine/Content/EditorMaterials/MAT_Groups_Visibility.uasset" 225
"../../../Engine/Content/EditorMaterials/MAT_Groups_Visibility.uexp" 226
"../../../Engine/Content/EditorMaterials/PreviewShadowIndicator.uasset" 227
"../../../Engine/Content/EditorMaterials/PreviewShadowIndicator.uexp" 228
"../../../Engine/Content/EditorMaterials/PreviewShadowIndicator.ubulk" 229
"../../../Engine/Content/EditorMaterials/PreviewShadowIndicatorMaterial.uasset" 230
"../../../Engine/Content/EditorMaterials/PreviewShadowIndicatorMaterial.uexp" 231
"../../../Engine/Content/EditorMaterials/MatineeGroups/MAT_ColorTrack.uasset" 232
"../../../Engine/Content/EditorMaterials/MatineeGroups/MAT_ColorTrack.uexp" 233
"../../../Engine/Content/EditorMaterials/MatineeGroups/MAT_Groups_Anim.uasset" 234
"../../../Engine/Content/EditorMaterials/MatineeGroups/MAT_Groups_Anim.uexp" 235
"../../../Engine/Content/EditorMaterials/MatineeGroups/MAT_Groups_AudioMaster.uasset" 236
"../../../Engine/Content/EditorMaterials/MatineeGroups/MAT_Groups_AudioMaster.uexp" 237
"../../../Engine/Content/EditorMaterials/MatineeGroups/MAT_Groups_Director.uasset" 238
"../../../Engine/Content/EditorMaterials/MatineeGroups/MAT_Groups_Director.uexp" 239
"../../../Engine/Content/EditorMaterials/MatineeGroups/MAT_Groups_Event.uasset" 240
"../../../Engine/Content/EditorMaterials/MatineeGroups/MAT_Groups_Event.uexp" 241
"../../../Engine/Content/EditorMaterials/MatineeGroups/MAT_Groups_Fade.uasset" 242
"../../../Engine/Content/EditorMaterials/MatineeGroups/MAT_Groups_Fade.uexp" 243
"../../../Engine/Content/EditorMaterials/MatineeGroups/MAT_Groups_Float.uasset" 244
"../../../Engine/Content/EditorMaterials/MatineeGroups/MAT_Groups_Float.uexp" 245
"../../../Engine/Content/EditorMaterials/MatineeGroups/MAT_Groups_Move.uasset" 246
"../../../Engine/Content/EditorMaterials/MatineeGroups/MAT_Groups_Move.uexp" 247
"../../../Engine/Content/EditorMaterials/MatineeGroups/MAT_Groups_Slomo.uasset" 248
"../../../Engine/Content/EditorMaterials/MatineeGroups/MAT_Groups_Slomo.uexp" 249
"../../../Engine/Content/EditorMaterials/MatineeGroups/MAT_Groups_Sound.uasset" 250
"../../../Engine/Content/EditorMaterials/MatineeGroups/MAT_Groups_Sound.uexp" 251
"../../../Engine/Content/EditorMaterials/MatineeGroups/MAT_Groups_Vector.uasset" 252
"../../../Engine/Content/EditorMaterials/MatineeGroups/MAT_Groups_Vector.uexp" 253
"../../../Engine/Content/EditorMaterials/ParticleSystems/PSysThumbnail_NoImage.uasset" 254
"../../../Engine/Content/EditorMaterials/ParticleSystems/PSysThumbnail_NoImage.uexp" 255
"../../../Engine/Content/EditorMaterials/ParticleSystems/PSysThumbnail_NoImage.ubulk" 256
"../../../Engine/Content/EditorMaterials/ParticleSystems/PSysThumbnail_OOD.uasset" 257
"../../../Engine/Content/EditorMaterials/ParticleSystems/PSysThumbnail_OOD.uexp" 258
"../../../Engine/Content/EditorMaterials/ParticleSystems/PSysThumbnail_OOD.ubulk" 259
"../../../Engine/Content/EditorMaterials/Camera/CineMat.uasset" 260
"../../../Engine/Content/EditorMaterials/Camera/CineMat.uexp" 261
"../../../Engine/Content/EditorMaterials/Camera/MI_CineMat_Rig.uasset" 262
"../../../Engine/Content/EditorMaterials/Camera/MI_CineMat_Rig.uexp" 263
"../../../Engine/Content/EditorMeshes/Camera/SM_CraneRig_Arm.uasset" 264
"../../../Engine/Content/EditorMeshes/Camera/SM_CraneRig_Arm.uexp" 265
"../../../Engine/Content/EditorMeshes/Camera/SM_CraneRig_Base.uasset" 266
"../../../Engine/Content/EditorMeshes/Camera/SM_CraneRig_Base.uexp" 267
"../../../Engine/Content/EditorMeshes/Camera/SM_CraneRig_Body.uasset" 268
"../../../Engine/Content/EditorMeshes/Camera/SM_CraneRig_Body.uexp" 269
"../../../Engine/Content/EditorMeshes/Camera/SM_CraneRig_Mount.uasset" 270
"../../../Engine/Content/EditorMeshes/Camera/SM_CraneRig_Mount.uexp" 271
"../../../Engine/Content/EditorMeshes/Camera/SM_RailRig_Mount.uasset" 272
"../../../Engine/Content/EditorMeshes/Camera/SM_RailRig_Mount.uexp" 273
"../../../Engine/Content/EditorMeshes/Camera/SM_RailRig_Track.uasset" 274
"../../../Engine/Content/EditorMeshes/Camera/SM_RailRig_Track.uexp" 275
"../../../Engine/Content/EditorResources/BSPVertex.uasset" 276
"../../../Engine/Content/EditorResources/BSPVertex.uexp" 277
"../../../Engine/Content/EditorResources/EmptyActor.uasset" 278
"../../../Engine/Content/EditorResources/EmptyActor.uexp" 279
"../../../Engine/Content/EditorResources/S_Actor.uasset" 280
"../../../Engine/Content/EditorResources/S_Actor.uexp" 281
"../../../Engine/Content/EditorResources/S_Actor.ubulk" 282
"../../../Engine/Content/EditorResources/S_Note.uasset" 283
"../../../Engine/Content/EditorResources/S_Note.uexp" 284
"../../../Engine/Content/EditorResources/S_Note.ubulk" 285
"../../../Engine/Content/EditorResources/S_Solver.uasset" 286
"../../../Engine/Content/EditorResources/S_Solver.uexp" 287
"../../../Engine/Content/EditorResources/S_Solver.ubulk" 288
"../../../Engine/Content/EditorResources/S_Terrain.uasset" 289
"../../../Engine/Content/EditorResources/S_Terrain.uexp" 290
"../../../Engine/Content/EditorResources/S_Terrain.ubulk" 291
"../../../Engine/Content/EditorResources/S_Trigger.uasset" 292
"../../../Engine/Content/EditorResources/S_Trigger.uexp" 293
"../../../Engine/Content/EditorResources/S_Trigger.ubulk" 294
"../../../Engine/Content/EditorResources/LightIcons/S_LightError.uasset" 295
"../../../Engine/Content/EditorResources/LightIcons/S_LightError.uexp" 296
"../../../Engine/Content/EditorResources/SequenceRecorder/Countdown.uasset" 297
"../../../Engine/Content/EditorResources/SequenceRecorder/Countdown.uexp" 298
"../../../Engine/Content/EditorResources/SequenceRecorder/RecordingIndicator.uasset" 299
"../../../Engine/Content/EditorResources/SequenceRecorder/RecordingIndicator.uexp" 300
"../../../Engine/Content/EngineDamageTypes/DmgTypeBP_Environmental.uasset" 301
"../../../Engine/Content/EngineDamageTypes/DmgTypeBP_Environmental.uexp" 302
"../../../Engine/Content/EngineDebugMaterials/DebugEditorMaterial.uasset" 303
"../../../Engine/Content/EngineDebugMaterials/DebugEditorMaterial.uexp" 304
"../../../Engine/Content/EngineDebugMaterials/DebugMeshMaterial.uasset" 305
"../../../Engine/Content/EngineDebugMaterials/DebugMeshMaterial.uexp" 306
"../../../Engine/Content/EngineDebugMaterials/M_SimpleUnlitTranslucent.uasset" 307
"../../../Engine/Content/EngineDebugMaterials/M_SimpleUnlitTranslucent.uexp" 308
"../../../Engine/Content/EngineDebugMaterials/VolumeToRender.uasset" 309
"../../../Engine/Content/EngineDebugMaterials/VolumeToRender.uexp" 310
"../../../Engine/Content/Functions/Engine_MaterialFunctions02/Utility/CameraDirectionVector.uasset" 311
"../../../Engine/Content/Functions/Engine_MaterialFunctions02/Utility/CameraDirectionVector.uexp" 312
"../../../Engine/Content/EngineDebugMaterials/M_VolumeRenderSphereTracePP.uasset" 313
"../../../Engine/Content/EngineDebugMaterials/M_VolumeRenderSphereTracePP.uexp" 314
"../../../Engine/Content/Functions/Engine_MaterialFunctions01/Shading/ConvertFromDiffSpec.uasset" 315
"../../../Engine/Content/Functions/Engine_MaterialFunctions01/Shading/ConvertFromDiffSpec.uexp" 316
"../../../Engine/Content/EngineDebugMaterials/VertexColorMaterial.uasset" 317
"../../../Engine/Content/EngineDebugMaterials/VertexColorMaterial.uexp" 318
"../../../Engine/Content/EngineDebugMaterials/WireframeMaterial.uasset" 319
"../../../Engine/Content/EngineDebugMaterials/WireframeMaterial.uexp" 320
"../../../Engine/Content/EngineFonts/Faces/RobotoRegular.uasset" 321
"../../../Engine/Content/EngineFonts/Faces/RobotoRegular.uexp" 322
"../../../Engine/Content/EngineFonts/Faces/RobotoRegular.ufont" 323
"../../../Engine/Content/EngineFonts/Faces/RobotoLight.uasset" 324
"../../../Engine/Content/EngineFonts/Faces/RobotoLight.uexp" 325
"../../../Engine/Content/EngineFonts/Faces/RobotoLight.ufont" 326
"../../../Engine/Content/EngineFonts/Faces/RobotoItalic.uasset" 327
"../../../Engine/Content/EngineFonts/Faces/RobotoItalic.uexp" 328
"../../../Engine/Content/EngineFonts/Faces/RobotoItalic.ufont" 329
"../../../Engine/Content/EngineFonts/Faces/RobotoBoldItalic.uasset" 330
"../../../Engine/Content/EngineFonts/Faces/RobotoBoldItalic.uexp" 331
"../../../Engine/Content/EngineFonts/Faces/RobotoBoldItalic.ufont" 332
"../../../Engine/Content/EngineFonts/Faces/RobotoBold.uasset" 333
"../../../Engine/Content/EngineFonts/Faces/RobotoBold.uexp" 334
"../../../Engine/Content/EngineFonts/Faces/RobotoBold.ufont" 335
"../../../Engine/Content/EngineFonts/Roboto.uasset" 336
"../../../Engine/Content/EngineFonts/Roboto.uexp" 337
"../../../Engine/Content/EngineMaterials/BaseFlattenNormalMap.uasset" 338
"../../../Engine/Content/EngineMaterials/BaseFlattenNormalMap.uexp" 339
"../../../Engine/Content/EngineMaterials/BaseFlattenGrayscaleMap.uasset" 340
"../../../Engine/Content/EngineMaterials/BaseFlattenGrayscaleMap.uexp" 341
"../../../Engine/Content/EngineMaterials/BaseFlattenEmissiveMap.uasset" 342
"../../../Engine/Content/EngineMaterials/BaseFlattenEmissiveMap.uexp" 343
"../../../Engine/Content/EngineMaterials/BaseFlattenDiffuseMap.uasset" 344
"../../../Engine/Content/EngineMaterials/BaseFlattenDiffuseMap.uexp" 345
"../../../Engine/Content/EngineMaterials/BaseFlattenMaterial.uasset" 346
"../../../Engine/Content/EngineMaterials/BaseFlattenMaterial.uexp" 347
"../../../Engine/Content/EngineMaterials/BlueNoise.uasset" 348
"../../../Engine/Content/EngineMaterials/BlueNoise.uexp" 349
"../../../Engine/Content/EngineMaterials/DefaultBloomKernel.uasset" 350
"../../../Engine/Content/EngineMaterials/DefaultBloomKernel.uexp" 351
"../../../Engine/Content/EngineMaterials/DefaultBokeh.uasset" 352
"../../../Engine/Content/EngineMaterials/DefaultBokeh.uexp" 353
"../../../Engine/Content/EngineMaterials/DefaultDiffuse.uasset" 354
"../../../Engine/Content/EngineMaterials/DefaultDiffuse.uexp" 355
"../../../Engine/Content/EngineMaterials/DefaultDiffuse.ubulk" 356
"../../../Engine/Content/EngineMaterials/DefaultDeferredDecalMaterial.uasset" 357
"../../../Engine/Content/EngineMaterials/DefaultDeferredDecalMaterial.uexp" 358
"../../../Engine/Content/EngineMaterials/DefaultLightFunctionMaterial.uasset" 359
"../../../Engine/Content/EngineMaterials/DefaultLightFunctionMaterial.uexp" 360
"../../../Engine/Content/EngineMaterials/DefaultPhysicalMaterial.uasset" 361
"../../../Engine/Content/EngineMaterials/DefaultPhysicalMaterial.uexp" 362
"../../../Engine/Content/Functions/Engine_MaterialFunctions02/Utility/BreakOutFloat2Components.uasset" 363
"../../../Engine/Content/Functions/Engine_MaterialFunctions02/Utility/BreakOutFloat2Components.uexp" 364
"../../../Engine/Content/EngineMaterials/DefaultPostProcessMaterial.uasset" 365
"../../../Engine/Content/EngineMaterials/DefaultPostProcessMaterial.uexp" 366
"../../../Engine/Content/EngineFonts/RobotoDistanceField.uasset" 367
"../../../Engine/Content/EngineFonts/RobotoDistanceField.uexp" 368
"../../../Engine/Content/EngineMaterials/DefaultTextMaterialOpaque.uasset" 369
"../../../Engine/Content/EngineMaterials/DefaultTextMaterialOpaque.uexp" 370
"../../../Engine/Content/EngineMaterials/DefaultWhiteGrid_Low.uasset" 371
"../../../Engine/Content/EngineMaterials/DefaultWhiteGrid_Low.uexp" 372
"../../../Engine/Content/EngineMaterials/EmissiveMeshMaterial.uasset" 373
"../../../Engine/Content/EngineMaterials/EmissiveMeshMaterial.uexp" 374
"../../../Engine/Content/EngineMaterials/GizmoMaterial.uasset" 375
"../../../Engine/Content/EngineMaterials/GizmoMaterial.uexp" 376
"../../../Engine/Content/EngineMaterials/MiniFont.uasset" 377
"../../../Engine/Content/EngineMaterials/MiniFont.uexp" 378
"../../../Engine/Content/EngineMaterials/InvalidLightmapSettings.uasset" 379
"../../../Engine/Content/EngineMaterials/InvalidLightmapSettings.uexp" 380
"../../../Engine/Content/EngineMaterials/InvalidLightmapSettings.ubulk" 381
"../../../Engine/Content/EngineMaterials/M_InvalidLightmapSettings.uasset" 382
"../../../Engine/Content/EngineMaterials/M_InvalidLightmapSettings.uexp" 383
"../../../Engine/Content/Functions/Engine_MaterialFunctions02/WorldPositionOffset/CameraOffset.uasset" 384
"../../../Engine/Content/Functions/Engine_MaterialFunctions02/WorldPositionOffset/CameraOffset.uexp" 385
"../../../Engine/Content/EngineMaterials/PhAT_JointLimitMaterial.uasset" 386
"../../../Engine/Content/EngineMaterials/PhAT_JointLimitMaterial.uexp" 387
"../../../Engine/Content/EngineMaterials/DefaultCalibrationColor.uasset" 388
"../../../Engine/Content/EngineMaterials/DefaultCalibrationColor.uexp" 389
"../../../Engine/Content/EngineMaterials/PPM_DefaultCalibrationColor.uasset" 390
"../../../Engine/Content/EngineMaterials/PPM_DefaultCalibrationColor.uexp" 391
"../../../Engine/Content/EngineMaterials/DefaultCalibrationGrayscale.uasset" 392
"../../../Engine/Content/EngineMaterials/DefaultCalibrationGrayscale.uexp" 393
"../../../Engine/Content/EngineMaterials/PPM_DefaultCalibrationGrayscale.uasset" 394
"../../../Engine/Content/EngineMaterials/PPM_DefaultCalibrationGrayscale.uexp" 395
"../../../Engine/Content/EngineMaterials/PreintegratedSkinBRDF.uasset" 396
"../../../Engine/Content/EngineMaterials/PreintegratedSkinBRDF.uexp" 397
"../../../Engine/Content/EngineMaterials/RemoveSurfaceMaterial.uasset" 398
"../../../Engine/Content/EngineMaterials/RemoveSurfaceMaterial.uexp" 399
"../../../Engine/Content/EngineMaterials/WeightMapPlaceholderTexture.uasset" 400
"../../../Engine/Content/EngineMaterials/WeightMapPlaceholderTexture.uexp" 401
"../../../Engine/Content/EngineResources/WhiteSquareTexture.uasset" 402
"../../../Engine/Content/EngineResources/WhiteSquareTexture.uexp" 403
"../../../Engine/Content/EngineMaterials/Widget3DPassThrough.uasset" 404
"../../../Engine/Content/EngineMaterials/Widget3DPassThrough.uexp" 405
"../../../Engine/Content/EngineMaterials/Widget3DPassThrough_Masked.uasset" 406
"../../../Engine/Content/EngineMaterials/Widget3DPassThrough_Masked.uexp" 407
"../../../Engine/Content/EngineMaterials/Widget3DPassThrough_Opaque.uasset" 408
"../../../Engine/Content/EngineMaterials/Widget3DPassThrough_Opaque.uexp" 409
"../../../Engine/Content/EngineMaterials/Widget3DPassThrough_Masked_OneSided.uasset" 410
"../../../Engine/Content/EngineMaterials/Widget3DPassThrough_Masked_OneSided.uexp" 411
"../../../Engine/Content/EngineMaterials/Widget3DPassThrough_Opaque_OneSided.uasset" 412
"../../../Engine/Content/EngineMaterials/Widget3DPassThrough_Opaque_OneSided.uexp" 413
"../../../Engine/Content/EngineMaterials/Widget3DPassThrough_Translucent.uasset" 414
"../../../Engine/Content/EngineMaterials/Widget3DPassThrough_Translucent.uexp" 415
"../../../Engine/Content/EngineMaterials/Widget3DPassThrough_Translucent_OneSided.uasset" 416
"../../../Engine/Content/EngineMaterials/Widget3DPassThrough_Translucent_OneSided.uexp" 417
"../../../Engine/Content/EngineMeshes/Cube.uasset" 418
"../../../Engine/Content/EngineMeshes/Cube.uexp" 419
"../../../Engine/Content/EngineMeshes/Cylinder.uasset" 420
"../../../Engine/Content/EngineMeshes/Cylinder.uexp" 421
"../../../Engine/Content/EngineMeshes/Sphere.uasset" 422
"../../../Engine/Content/EngineMeshes/Sphere.uexp" 423
"../../../Engine/Content/EngineResources/DefaultTexture.uasset" 424
"../../../Engine/Content/EngineResources/DefaultTexture.uexp" 425
"../../../Engine/Content/EngineResources/DefaultTexture.ubulk" 426
"../../../Engine/Content/EngineResources/DefaultTextureCube.uasset" 427
"../../../Engine/Content/EngineResources/DefaultTextureCube.uexp" 428
"../../../Engine/Content/EngineResources/DefaultVolumeTexture2D.uasset" 429
"../../../Engine/Content/EngineResources/DefaultVolumeTexture2D.uexp" 430
"../../../Engine/Content/EngineResources/DefaultVolumeTexture.uasset" 431
"../../../Engine/Content/EngineResources/DefaultVolumeTexture.uexp" 432
"../../../Engine/Content/EngineResources/GradientTexture0.uasset" 433
"../../../Engine/Content/EngineResources/GradientTexture0.uexp" 434
"../../../Engine/Content/EngineSky/VolumetricClouds/T_NoiseShape64.uasset" 435
"../../../Engine/Content/EngineSky/VolumetricClouds/T_NoiseShape64.uexp" 436
"../../../Engine/Content/EngineSky/VolumetricClouds/T_NoiseShape64.ubulk" 437
"../../../Engine/Content/EngineSky/VolumetricClouds/T_VolumeNoiseShape64.uasset" 438
"../../../Engine/Content/EngineSky/VolumetricClouds/T_VolumeNoiseShape64.uexp" 439
"../../../Engine/Content/EngineSky/VolumetricClouds/T_NoiseErosion.uasset" 440
"../../../Engine/Content/EngineSky/VolumetricClouds/T_NoiseErosion.uexp" 441
"../../../Engine/Content/EngineSky/VolumetricClouds/T_NoiseErosion.ubulk" 442
"../../../Engine/Content/EngineSky/VolumetricClouds/T_VolumeNoiseErosion32.uasset" 443
"../../../Engine/Content/EngineSky/VolumetricClouds/T_VolumeNoiseErosion32.uexp" 444
"../../../Engine/Content/EngineSky/VolumetricClouds/CloudWeatherTexture.uasset" 445
"../../../Engine/Content/EngineSky/VolumetricClouds/CloudWeatherTexture.uexp" 446
"../../../Engine/Content/EngineSky/VolumetricClouds/CloudGradientTexture.uasset" 447
"../../../Engine/Content/EngineSky/VolumetricClouds/CloudGradientTexture.uexp" 448
"../../../Engine/Content/Functions/Engine_MaterialFunctions02/Utility/MakeFloat2.uasset" 449
"../../../Engine/Content/Functions/Engine_MaterialFunctions02/Utility/MakeFloat2.uexp" 450
"../../../Engine/Content/EngineSky/VolumetricClouds/m_SimpleVolumetricCloud.uasset" 451
"../../../Engine/Content/EngineSky/VolumetricClouds/m_SimpleVolumetricCloud.uexp" 452
"../../../Engine/Content/EngineSky/VolumetricClouds/m_SimpleVolumetricCloud_Inst.uasset" 453
"../../../Engine/Content/EngineSky/VolumetricClouds/m_SimpleVolumetricCloud_Inst.uexp" 454
"../../../Engine/Content/EngineSounds/Master.uasset" 455
"../../../Engine/Content/EngineSounds/Master.uexp" 456
"../../../Engine/Content/Functions/Engine_MaterialFunctions01/Shading/PowerToRoughness.uasset" 457
"../../../Engine/Content/Functions/Engine_MaterialFunctions01/Shading/PowerToRoughness.uexp" 458
"../../../Engine/Content/Maps/Templates/Thumbnails/Default.uasset" 459
"../../../Engine/Content/Maps/Templates/Thumbnails/Default.uexp" 460
"../../../Engine/Content/Maps/Templates/Thumbnails/TimeOfDay.uasset" 461
"../../../Engine/Content/Maps/Templates/Thumbnails/TimeOfDay.uexp" 462
"../../../Engine/Content/Maps/Templates/Thumbnails/VR-Basic.uasset" 463
"../../../Engine/Content/Maps/Templates/Thumbnails/VR-Basic.uexp" 464
"../../../Engine/Content/MobileResources/T_MobileControls_texture.uasset" 465
"../../../Engine/Content/MobileResources/T_MobileControls_texture.uexp" 466
"../../../Engine/Content/MobileResources/T_MobileMenu2.uasset" 467
"../../../Engine/Content/MobileResources/T_MobileMenu2.uexp" 468
"../../../Engine/Content/MobileResources/HUD/AnalogHat.uasset" 469
"../../../Engine/Content/MobileResources/HUD/AnalogHat.uexp" 470
"../../../Engine/Content/MobileResources/HUD/VirtualJoystick_Thumb.uasset" 471
"../../../Engine/Content/MobileResources/HUD/VirtualJoystick_Thumb.uexp" 472
"../../../Engine/Content/MobileResources/HUD/VirtualJoystick_Background.uasset" 473
"../../../Engine/Content/MobileResources/HUD/VirtualJoystick_Background.uexp" 474
"../../../Engine/Content/MobileResources/HUD/DefaultVirtualJoysticks.uasset" 475
"../../../Engine/Content/MobileResources/HUD/DefaultVirtualJoysticks.uexp" 476
"../../../Engine/Content/MobileResources/HUD/LeftVirtualJoystickOnly.uasset" 477
"../../../Engine/Content/MobileResources/HUD/LeftVirtualJoystickOnly.uexp" 478
"../../../Engine/Content/MobileResources/HUD/MobileHUDButton1_off.uasset" 479
"../../../Engine/Content/MobileResources/HUD/MobileHUDButton1_off.uexp" 480
"../../../Engine/Content/MobileResources/HUD/MobileHUDButton1_on.uasset" 481
"../../../Engine/Content/MobileResources/HUD/MobileHUDButton1_on.uexp" 482
"../../../Engine/Content/MobileResources/HUD/MobileHUDButton2_off.uasset" 483
"../../../Engine/Content/MobileResources/HUD/MobileHUDButton2_off.uexp" 484
"../../../Engine/Content/MobileResources/HUD/MobileHUDButton2_on.uasset" 485
"../../../Engine/Content/MobileResources/HUD/MobileHUDButton2_on.uexp" 486
"../../../Engine/Content/MobileResources/HUD/MobileHUDButton3.uasset" 487
"../../../Engine/Content/MobileResources/HUD/MobileHUDButton3.uexp" 488
"../../../Engine/Content/MobileResources/HUD/MobileHUDButtonFire.uasset" 489
"../../../Engine/Content/MobileResources/HUD/MobileHUDButtonFire.uexp" 490
"../../../Engine/Content/MobileResources/HUD/MobileHUDDirectionPad.uasset" 491
"../../../Engine/Content/MobileResources/HUD/MobileHUDDirectionPad.uexp" 492
"../../../Engine/Content/MobileResources/HUD/MobileHUDDirectionPad2.uasset" 493
"../../../Engine/Content/MobileResources/HUD/MobileHUDDirectionPad2.uexp" 494
"../../../Engine/Content/MobileResources/HUD/MobileHUDDirectionPad3.uasset" 495
"../../../Engine/Content/MobileResources/HUD/MobileHUDDirectionPad3.uexp" 496
"../../../Engine/Content/MobileResources/HUD/MobileHUDDirectionStick.uasset" 497
"../../../Engine/Content/MobileResources/HUD/MobileHUDDirectionStick.uexp" 498
"../../../Engine/Content/MobileResources/HUD/T_Castle_ThumbstickInner.uasset" 499
"../../../Engine/Content/MobileResources/HUD/T_Castle_ThumbstickInner.uexp" 500
"../../../Engine/Content/MobileResources/HUD/T_Castle_ThumbstickOutter.uasset" 501
"../../../Engine/Content/MobileResources/HUD/T_Castle_ThumbstickOutter.uexp" 502
"../../../Engine/Content/Tutorial/ContentIntroCurve.uasset" 503
"../../../Engine/Content/Tutorial/ContentIntroCurve.uexp" 504
"../../../Engine/Content/Tutorial/Basics/TutorialAssets/icon_tab_Levels_40x.uasset" 505
"../../../Engine/Content/Tutorial/Basics/TutorialAssets/icon_tab_Levels_40x.uexp" 506
"../../../Engine/Content/Tutorial/BlueprintTutorials/TutorialAssets/Blueprint_64x.uasset" 507
"../../../Engine/Content/Tutorial/BlueprintTutorials/TutorialAssets/Blueprint_64x.uexp" 508
"../../../Engine/Content/Tutorial/SubEditors/TutorialAssets/T_soft_smoke.uasset" 509
"../../../Engine/Content/Tutorial/SubEditors/TutorialAssets/T_soft_smoke.uexp" 510
"../../../Engine/Content/Tutorial/SubEditors/TutorialAssets/T_soft_smoke.ubulk" 511
"../../../Engine/Content/Tutorial/SubEditors/TutorialAssets/T_SmokeSubUV_8X8.uasset" 512
"../../../Engine/Content/Tutorial/SubEditors/TutorialAssets/T_SmokeSubUV_8X8.uexp" 513
"../../../Engine/Content/Tutorial/SubEditors/TutorialAssets/T_SmokeSubUV_8X8.ubulk" 514
"../../../Engine/Content/Tutorial/SubEditors/TutorialAssets/M_smoke_subUV_blackbody.uasset" 515
"../../../Engine/Content/Tutorial/SubEditors/TutorialAssets/M_smoke_subUV_blackbody.uexp" 516
"../../../Engine/Content/Tutorial/SubEditors/TutorialAssets/TutorialParticleSystem.uasset" 517
"../../../Engine/Content/Tutorial/SubEditors/TutorialAssets/TutorialParticleSystem.uexp" 518
"../../../Engine/Content/VREditor/TransformGizmo/TranslucentTransformGizmoMaterial.uasset" 519
"../../../Engine/Content/VREditor/TransformGizmo/TranslucentTransformGizmoMaterial.uexp" 520
"../../../Engine/Content/VREditor/LaserPointer/VR_LaserPower_01.uasset" 521
"../../../Engine/Content/VREditor/LaserPointer/VR_LaserPower_01.uexp" 522
"../../../Engine/Content/VREditor/LaserPointer/VR_LaserPower_01.ubulk" 523
"../../../Engine/Content/VREditor/TransformGizmo/TransformGizmoMaterial.uasset" 524
"../../../Engine/Content/VREditor/TransformGizmo/TransformGizmoMaterial.uexp" 525
"../../../Engine/Content/VREditor/TransformGizmo/BoundingBoxCorner.uasset" 526
"../../../Engine/Content/VREditor/TransformGizmo/BoundingBoxCorner.uexp" 527
"../../../Engine/Content/VREditor/TransformGizmo/BoundingBoxEdge.uasset" 528
"../../../Engine/Content/VREditor/TransformGizmo/BoundingBoxEdge.uexp" 529
"../../../Engine/Content/VREditor/TransformGizmo/PlaneTranslationHandle.uasset" 530
"../../../Engine/Content/VREditor/TransformGizmo/PlaneTranslationHandle.uexp" 531
"../../../Engine/Content/VREditor/TransformGizmo/Xray.uasset" 532
"../../../Engine/Content/VREditor/TransformGizmo/Xray.uexp" 533
"../../../Engine/Content/VREditor/TransformGizmo/Main.uasset" 534
"../../../Engine/Content/VREditor/TransformGizmo/Main.uexp" 535
"../../../Engine/Content/VREditor/TransformGizmo/SM_Sequencer_Key.uasset" 536
"../../../Engine/Content/VREditor/TransformGizmo/SM_Sequencer_Key.uexp" 537
"../../../Engine/Content/VREditor/TransformGizmo/SM_Sequencer_Node.uasset" 538
"../../../Engine/Content/VREditor/TransformGizmo/SM_Sequencer_Node.uexp" 539
"../../../Engine/Plugins/2D/Paper2D/Content/PlaceholderTextures/DummySpriteTexture.uasset" 540
"../../../Engine/Plugins/2D/Paper2D/Content/PlaceholderTextures/DummySpriteTexture.uexp" 541
"../../../Engine/Plugins/2D/Paper2D/Content/PlaceholderTextures/DummySpriteTexture.ubulk" 542
"../../../Engine/Plugins/2D/Paper2D/Content/DummySprite.uasset" 543
"../../../Engine/Plugins/2D/Paper2D/Content/DummySprite.uexp" 544
"../../../Engine/Plugins/2D/Paper2D/Content/DefaultPaperTerrainMaterial.uasset" 545
"../../../Engine/Plugins/2D/Paper2D/Content/DefaultPaperTerrainMaterial.uexp" 546
"../../../Engine/Plugins/2D/Paper2D/Content/DefaultSpriteMaterial.uasset" 547
"../../../Engine/Plugins/2D/Paper2D/Content/DefaultSpriteMaterial.uexp" 548
"../../../Engine/Plugins/2D/Paper2D/Content/MaskedUnlitSpriteMaterial.uasset" 549
"../../../Engine/Plugins/2D/Paper2D/Content/MaskedUnlitSpriteMaterial.uexp" 550
"../../../Engine/Plugins/2D/Paper2D/Content/OpaqueUnlitSpriteMaterial.uasset" 551
"../../../Engine/Plugins/2D/Paper2D/Content/OpaqueUnlitSpriteMaterial.uexp" 552
"../../../Engine/Content/Functions/Engine_MaterialFunctions02/Utility/BreakOutFloat3Components.uasset" 553
"../../../Engine/Content/Functions/Engine_MaterialFunctions02/Utility/BreakOutFloat3Components.uexp" 554
"../../../Engine/Plugins/Editor/SpeedTreeImporter/Content/SpeedTree9/UnpackInteger3.uasset" 555
"../../../Engine/Plugins/Editor/SpeedTreeImporter/Content/SpeedTree9/UnpackInteger3.uexp" 556
"../../../Engine/Plugins/Editor/SpeedTreeImporter/Content/SpeedTree9/UnpackDirection.uasset" 557
"../../../Engine/Plugins/Editor/SpeedTreeImporter/Content/SpeedTree9/UnpackDirection.uexp" 558
"../../../Engine/Plugins/Editor/SpeedTreeImporter/Content/SpeedTree9/game_wind_noise.uasset" 559
"../../../Engine/Plugins/Editor/SpeedTreeImporter/Content/SpeedTree9/game_wind_noise.uexp" 560
"../../../Engine/Plugins/Editor/SpeedTreeImporter/Content/SpeedTree9/game_wind_noise.ubulk" 561
"../../../Engine/Content/Functions/Engine_MaterialFunctions02/SafeNormalize.uasset" 562
"../../../Engine/Content/Functions/Engine_MaterialFunctions02/SafeNormalize.uexp" 563
"../../../Engine/Plugins/Editor/SpeedTreeImporter/Content/SpeedTree9/SpeedTreeWindMotion.uasset" 564
"../../../Engine/Plugins/Editor/SpeedTreeImporter/Content/SpeedTree9/SpeedTreeWindMotion.uexp" 565
"../../../Engine/Plugins/Editor/SpeedTreeImporter/Content/SpeedTree9/SpeedTreeBranchMotion.uasset" 566
"../../../Engine/Plugins/Editor/SpeedTreeImporter/Content/SpeedTree9/SpeedTreeBranchMotion.uexp" 567
"../../../Engine/Content/Functions/Engine_MaterialFunctions02/ObjectLocalBounds.uasset" 568
"../../../Engine/Content/Functions/Engine_MaterialFunctions02/ObjectLocalBounds.uexp" 569
"../../../Engine/Content/Functions/Engine_MaterialFunctions02/UVs/BoundingBoxBased_0-1_UVW.uasset" 570
"../../../Engine/Content/Functions/Engine_MaterialFunctions02/UVs/BoundingBoxBased_0-1_UVW.uexp" 571
"../../../Engine/Content/Functions/Engine_MaterialFunctions02/Utility/VectorLength.uasset" 572
"../../../Engine/Content/Functions/Engine_MaterialFunctions02/Utility/VectorLength.uexp" 573
"../../../Engine/Content/Functions/Engine_MaterialFunctions02/WorldPositionOffset/ObjectScale.uasset" 574
"../../../Engine/Content/Functions/Engine_MaterialFunctions02/WorldPositionOffset/ObjectScale.uexp" 575
"../../../Engine/Plugins/Editor/SpeedTreeImporter/Content/SpeedTree9/SpeedTreeWind.uasset" 576
"../../../Engine/Plugins/Editor/SpeedTreeImporter/Content/SpeedTree9/SpeedTreeWind.uexp" 577
"../../../Engine/Plugins/Editor/SpeedTreeImporter/Content/SpeedTree9/SpeedTreeBillboard.uasset" 578
"../../../Engine/Plugins/Editor/SpeedTreeImporter/Content/SpeedTree9/SpeedTreeBillboard.uexp" 579
"../../../Engine/Plugins/Editor/SpeedTreeImporter/Content/SpeedTree9/EmptyNormal.uasset" 580
"../../../Engine/Plugins/Editor/SpeedTreeImporter/Content/SpeedTree9/EmptyNormal.uexp" 581
"../../../Engine/Plugins/Editor/SpeedTreeImporter/Content/SpeedTree9/Empty.uasset" 582
"../../../Engine/Plugins/Editor/SpeedTreeImporter/Content/SpeedTree9/Empty.uexp" 583
"../../../Engine/Plugins/Editor/SpeedTreeImporter/Content/SpeedTree9/SpeedTreeBillboardMaster.uasset" 584
"../../../Engine/Plugins/Editor/SpeedTreeImporter/Content/SpeedTree9/SpeedTreeBillboardMaster.uexp" 585
"../../../Engine/Plugins/Editor/SpeedTreeImporter/Content/SpeedTree9/SpeedTreeCameraFacing.uasset" 586
"../../../Engine/Plugins/Editor/SpeedTreeImporter/Content/SpeedTree9/SpeedTreeCameraFacing.uexp" 587
"../../../Engine/Plugins/Editor/SpeedTreeImporter/Content/SpeedTree9/SpeedTreeMaster.uasset" 588
"../../../Engine/Plugins/Editor/SpeedTreeImporter/Content/SpeedTree9/SpeedTreeMaster.uexp" 589
"../../../Engine/Content/BasicShapes/Cylinder.uasset" 590
"../../../Engine/Content/BasicShapes/Cylinder.uexp" 591
"../../../Engine/Content/ArtTools/RenderToTexture/Materials/Debug/M_Emissive_Color.uasset" 592
"../../../Engine/Content/ArtTools/RenderToTexture/Materials/Debug/M_Emissive_Color.uexp" 593
"../../../Engine/Plugins/Lumin/MagicLeapPassableWorld/Content/MagicLeapARPinInfoActor.uasset" 594
"../../../Engine/Plugins/Lumin/MagicLeapPassableWorld/Content/MagicLeapARPinInfoActor.uexp" 595
"../../../Engine/Plugins/Runtime/OpenXR/Content/Devices/GoogleDaydream/MRTexture.uasset" 596
"../../../Engine/Plugins/Runtime/OpenXR/Content/Devices/GoogleDaydream/MRTexture.uexp" 597
"../../../Engine/Plugins/Runtime/OpenXR/Content/Devices/GoogleDaydream/MRTexture.ubulk" 598
"../../../Engine/Plugins/Runtime/OpenXR/Content/Devices/GoogleDaydream/BaseTexture.uasset" 599
"../../../Engine/Plugins/Runtime/OpenXR/Content/Devices/GoogleDaydream/BaseTexture.uexp" 600
"../../../Engine/Plugins/Runtime/OpenXR/Content/Devices/GoogleDaydream/BaseTexture.ubulk" 601
"../../../Engine/Content/EngineResources/Black.uasset" 602
"../../../Engine/Content/EngineResources/Black.uexp" 603
"../../../Engine/Plugins/Runtime/OpenXR/Content/Devices/M_XRController.uasset" 604
"../../../Engine/Plugins/Runtime/OpenXR/Content/Devices/M_XRController.uexp" 605
"../../../Engine/Plugins/Runtime/OpenXR/Content/Devices/GoogleDaydream/MI_GoogleDaydream.uasset" 606
"../../../Engine/Plugins/Runtime/OpenXR/Content/Devices/GoogleDaydream/MI_GoogleDaydream.uexp" 607
"../../../Engine/Plugins/Runtime/OpenXR/Content/Devices/GoogleDaydream/GoogleDaydreamController.uasset" 608
"../../../Engine/Plugins/Runtime/OpenXR/Content/Devices/GoogleDaydream/GoogleDaydreamController.uexp" 609
"../../../Engine/Plugins/Runtime/OpenXR/Content/Devices/HTCVive/BaseTexture.uasset" 610
"../../../Engine/Plugins/Runtime/OpenXR/Content/Devices/HTCVive/BaseTexture.uexp" 611
"../../../Engine/Plugins/Runtime/OpenXR/Content/Devices/HTCVive/BaseTexture.ubulk" 612
"../../../Engine/Plugins/Runtime/OpenXR/Content/Devices/HTCVive/MI_HTCVive.uasset" 613
"../../../Engine/Plugins/Runtime/OpenXR/Content/Devices/HTCVive/MI_HTCVive.uexp" 614
"../../../Engine/Plugins/Runtime/OpenXR/Content/Devices/HTCVive/HTCViveController.uasset" 615
"../../../Engine/Plugins/Runtime/OpenXR/Content/Devices/HTCVive/HTCViveController.uexp" 616
"../../../Engine/Plugins/Runtime/OpenXR/Content/Devices/MicrosoftMixedReality/NormalTexture.uasset" 617
"../../../Engine/Plugins/Runtime/OpenXR/Content/Devices/MicrosoftMixedReality/NormalTexture.uexp" 618
"../../../Engine/Plugins/Runtime/OpenXR/Content/Devices/MicrosoftMixedReality/NormalTexture.ubulk" 619
"../../../Engine/Plugins/Runtime/OpenXR/Content/Devices/MicrosoftMixedReality/MRTexture.uasset" 620
"../../../Engine/Plugins/Runtime/OpenXR/Content/Devices/MicrosoftMixedReality/MRTexture.uexp" 621
"../../../Engine/Plugins/Runtime/OpenXR/Content/Devices/MicrosoftMixedReality/MRTexture.ubulk" 622
"../../../Engine/Plugins/Runtime/OpenXR/Content/Devices/MicrosoftMixedReality/EmissiveTexture.uasset" 623
"../../../Engine/Plugins/Runtime/OpenXR/Content/Devices/MicrosoftMixedReality/EmissiveTexture.uexp" 624
"../../../Engine/Plugins/Runtime/OpenXR/Content/Devices/MicrosoftMixedReality/EmissiveTexture.ubulk" 625
"../../../Engine/Plugins/Runtime/OpenXR/Content/Devices/MicrosoftMixedReality/BaseTexture.uasset" 626
"../../../Engine/Plugins/Runtime/OpenXR/Content/Devices/MicrosoftMixedReality/BaseTexture.uexp" 627
"../../../Engine/Plugins/Runtime/OpenXR/Content/Devices/MicrosoftMixedReality/BaseTexture.ubulk" 628
"../../../Engine/Plugins/Runtime/OpenXR/Content/Devices/MicrosoftMixedReality/MI_MicrosoftMixedReality.uasset" 629
"../../../Engine/Plugins/Runtime/OpenXR/Content/Devices/MicrosoftMixedReality/MI_MicrosoftMixedReality.uexp" 630
"../../../Engine/Plugins/Runtime/OpenXR/Content/Devices/MicrosoftMixedReality/Left/left_MicrosoftMixedRealityController.uasset" 631
"../../../Engine/Plugins/Runtime/OpenXR/Content/Devices/MicrosoftMixedReality/Left/left_MicrosoftMixedRealityController.uexp" 632
"../../../Engine/Plugins/Runtime/OpenXR/Content/Devices/MicrosoftMixedReality/Right/right_MicrosoftMixedRealityController.uasset" 633
"../../../Engine/Plugins/Runtime/OpenXR/Content/Devices/MicrosoftMixedReality/Right/right_MicrosoftMixedRealityController.uexp" 634
"../../../Engine/Plugins/Runtime/OpenXR/Content/Devices/OculusGo/BaseTexture.uasset" 635
"../../../Engine/Plugins/Runtime/OpenXR/Content/Devices/OculusGo/BaseTexture.uexp" 636
"../../../Engine/Plugins/Runtime/OpenXR/Content/Devices/OculusGo/BaseTexture.ubulk" 637
"../../../Engine/Plugins/Runtime/OpenXR/Content/Devices/OculusGo/MI_OculusGo.uasset" 638
"../../../Engine/Plugins/Runtime/OpenXR/Content/Devices/OculusGo/MI_OculusGo.uexp" 639
"../../../Engine/Plugins/Runtime/OpenXR/Content/Devices/OculusGo/OculusGoController.uasset" 640
"../../../Engine/Plugins/Runtime/OpenXR/Content/Devices/OculusGo/OculusGoController.uexp" 641
"../../../Engine/Plugins/Runtime/OpenXR/Content/Devices/OculusTouch/MRTexture.uasset" 642
"../../../Engine/Plugins/Runtime/OpenXR/Content/Devices/OculusTouch/MRTexture.uexp" 643
"../../../Engine/Plugins/Runtime/OpenXR/Content/Devices/OculusTouch/MRTexture.ubulk" 644
"../../../Engine/Plugins/Runtime/OpenXR/Content/Devices/OculusTouch/BaseTexture.uasset" 645
"../../../Engine/Plugins/Runtime/OpenXR/Content/Devices/OculusTouch/BaseTexture.uexp" 646
"../../../Engine/Plugins/Runtime/OpenXR/Content/Devices/OculusTouch/BaseTexture.ubulk" 647
"../../../Engine/Plugins/Runtime/OpenXR/Content/Devices/OculusTouch/MI_OculusTouch.uasset" 648
"../../../Engine/Plugins/Runtime/OpenXR/Content/Devices/OculusTouch/MI_OculusTouch.uexp" 649
"../../../Engine/Plugins/Runtime/OpenXR/Content/Devices/OculusTouch/Left/left_OculusTouchController.uasset" 650
"../../../Engine/Plugins/Runtime/OpenXR/Content/Devices/OculusTouch/Left/left_OculusTouchController.uexp" 651
"../../../Engine/Plugins/Runtime/OpenXR/Content/Devices/OculusTouch/Right/right_OculusTouchController.uasset" 652
"../../../Engine/Plugins/Runtime/OpenXR/Content/Devices/OculusTouch/Right/right_OculusTouchController.uexp" 653
"../../../Engine/Plugins/Runtime/OpenXR/Content/Devices/OculusTouch_v2/MRTexture.uasset" 654
"../../../Engine/Plugins/Runtime/OpenXR/Content/Devices/OculusTouch_v2/MRTexture.uexp" 655
"../../../Engine/Plugins/Runtime/OpenXR/Content/Devices/OculusTouch_v2/MRTexture.ubulk" 656
"../../../Engine/Plugins/Runtime/OpenXR/Content/Devices/OculusTouch_v2/BaseTexture.uasset" 657
"../../../Engine/Plugins/Runtime/OpenXR/Content/Devices/OculusTouch_v2/BaseTexture.uexp" 658
"../../../Engine/Plugins/Runtime/OpenXR/Content/Devices/OculusTouch_v2/BaseTexture.ubulk" 659
"../../../Engine/Plugins/Runtime/OpenXR/Content/Devices/OculusTouch_v2/MI_OculusTouch_v2.uasset" 660
"../../../Engine/Plugins/Runtime/OpenXR/Content/Devices/OculusTouch_v2/MI_OculusTouch_v2.uexp" 661
"../../../Engine/Plugins/Runtime/OpenXR/Content/Devices/OculusTouch_v2/Left/left_OculusTouch_v2Controller.uasset" 662
"../../../Engine/Plugins/Runtime/OpenXR/Content/Devices/OculusTouch_v2/Left/left_OculusTouch_v2Controller.uexp" 663
"../../../Engine/Plugins/Runtime/OpenXR/Content/Devices/OculusTouch_v2/Right/right_OculusTouch_v2Controller.uasset" 664
"../../../Engine/Plugins/Runtime/OpenXR/Content/Devices/OculusTouch_v2/Right/right_OculusTouch_v2Controller.uexp" 665
"../../../Engine/Plugins/Runtime/OpenXR/Content/Devices/OculusTouch_v3/MRTexture.uasset" 666
"../../../Engine/Plugins/Runtime/OpenXR/Content/Devices/OculusTouch_v3/MRTexture.uexp" 667
"../../../Engine/Plugins/Runtime/OpenXR/Content/Devices/OculusTouch_v3/MRTexture.ubulk" 668
"../../../Engine/Plugins/Runtime/OpenXR/Content/Devices/OculusTouch_v3/BaseTexture.uasset" 669
"../../../Engine/Plugins/Runtime/OpenXR/Content/Devices/OculusTouch_v3/BaseTexture.uexp" 670
"../../../Engine/Plugins/Runtime/OpenXR/Content/Devices/OculusTouch_v3/BaseTexture.ubulk" 671
"../../../Engine/Plugins/Runtime/OpenXR/Content/Devices/OculusTouch_v3/MI_OculusTouch_v3.uasset" 672
"../../../Engine/Plugins/Runtime/OpenXR/Content/Devices/OculusTouch_v3/MI_OculusTouch_v3.uexp" 673
"../../../Engine/Plugins/Runtime/OpenXR/Content/Devices/OculusTouch_v3/Left/left_OculusTouch_v3Controller.uasset" 674
"../../../Engine/Plugins/Runtime/OpenXR/Content/Devices/OculusTouch_v3/Left/left_OculusTouch_v3Controller.uexp" 675
"../../../Engine/Plugins/Runtime/OpenXR/Content/Devices/OculusTouch_v3/Right/right_OculusTouch_v3Controller.uasset" 676
"../../../Engine/Plugins/Runtime/OpenXR/Content/Devices/OculusTouch_v3/Right/right_OculusTouch_v3Controller.uexp" 677
"../../../Engine/Plugins/Runtime/OpenXR/Content/Devices/ValveIndex/MRTexture.uasset" 678
"../../../Engine/Plugins/Runtime/OpenXR/Content/Devices/ValveIndex/MRTexture.uexp" 679
"../../../Engine/Plugins/Runtime/OpenXR/Content/Devices/ValveIndex/MRTexture.ubulk" 680
"../../../Engine/Plugins/Runtime/OpenXR/Content/Devices/ValveIndex/BaseTexture.uasset" 681
"../../../Engine/Plugins/Runtime/OpenXR/Content/Devices/ValveIndex/BaseTexture.uexp" 682
"../../../Engine/Plugins/Runtime/OpenXR/Content/Devices/ValveIndex/BaseTexture.ubulk" 683
"../../../Engine/Plugins/Runtime/OpenXR/Content/Devices/ValveIndex/Left/MI_left_ValveIndex.uasset" 684
"../../../Engine/Plugins/Runtime/OpenXR/Content/Devices/ValveIndex/Left/MI_left_ValveIndex.uexp" 685
"../../../Engine/Plugins/Runtime/OpenXR/Content/Devices/ValveIndex/Left/left_ValveIndexController.uasset" 686
"../../../Engine/Plugins/Runtime/OpenXR/Content/Devices/ValveIndex/Left/left_ValveIndexController.uexp" 687
"../../../Engine/Plugins/Runtime/OpenXR/Content/Devices/ValveIndex/Right/MI_right_ValveIndex.uasset" 688
"../../../Engine/Plugins/Runtime/OpenXR/Content/Devices/ValveIndex/Right/MI_right_ValveIndex.uexp" 689
"../../../Engine/Plugins/Runtime/OpenXR/Content/Devices/ValveIndex/Right/right_ValveIndexController.uasset" 690
"../../../Engine/Plugins/Runtime/OpenXR/Content/Devices/ValveIndex/Right/right_ValveIndexController.uexp" 691
"../../../Engine/Content/Functions/Engine_MaterialFunctions02/Utility/BreakOutFloat4Components.uasset" 692
"../../../Engine/Content/Functions/Engine_MaterialFunctions02/Utility/BreakOutFloat4Components.uexp" 693
"../../../Engine/Content/Functions/Engine_MaterialFunctions02/Utility/MakeFloat3.uasset" 694
"../../../Engine/Content/Functions/Engine_MaterialFunctions02/Utility/MakeFloat3.uexp" 695
"../../../Engine/Plugins/Runtime/Oculus/OculusVR/Content/Materials/OculusMR_ChromaKey.uasset" 696
"../../../Engine/Plugins/Runtime/Oculus/OculusVR/Content/Materials/OculusMR_ChromaKey.uexp" 697
"../../../Engine/Plugins/Runtime/Oculus/OculusVR/Content/Materials/OculusMR_OpaqueColoredMaterial.uasset" 698
"../../../Engine/Plugins/Runtime/Oculus/OculusVR/Content/Materials/OculusMR_OpaqueColoredMaterial.uexp" 699
"../../../Engine/Plugins/Runtime/Oculus/OculusVR/Content/Materials/PokeAHoleMaterial.uasset" 700
"../../../Engine/Plugins/Runtime/Oculus/OculusVR/Content/Materials/PokeAHoleMaterial.uexp" 701
"../../../Engine/Plugins/Runtime/Oculus/OculusVR/Content/Textures/touchController_controlmap.uasset" 702
"../../../Engine/Plugins/Runtime/Oculus/OculusVR/Content/Textures/touchController_controlmap.uexp" 703
"../../../Engine/Plugins/Runtime/Oculus/OculusVR/Content/Textures/touchController_controlmap.ubulk" 704
"../../../Engine/Plugins/Runtime/Oculus/OculusVR/Content/Textures/touchController_albedo.uasset" 705
"../../../Engine/Plugins/Runtime/Oculus/OculusVR/Content/Textures/touchController_albedo.uexp" 706
"../../../Engine/Plugins/Runtime/Oculus/OculusVR/Content/Textures/touchController_albedo.ubulk" 707
"../../../Engine/Plugins/Runtime/Oculus/OculusVR/Content/Materials/touchController_mat.uasset" 708
"../../../Engine/Plugins/Runtime/Oculus/OculusVR/Content/Materials/touchController_mat.uexp" 709
"../../../Engine/Plugins/Runtime/Oculus/OculusVR/Content/Meshes/LeftTouchController.uasset" 710
"../../../Engine/Plugins/Runtime/Oculus/OculusVR/Content/Meshes/LeftTouchController.uexp" 711
"../../../Engine/Plugins/Runtime/Oculus/OculusVR/Content/Textures/TouchForQuestRiftSController_albedo.uasset" 712
"../../../Engine/Plugins/Runtime/Oculus/OculusVR/Content/Textures/TouchForQuestRiftSController_albedo.uexp" 713
"../../../Engine/Plugins/Runtime/Oculus/OculusVR/Content/Textures/TouchForQuestRiftSController_albedo.ubulk" 714
"../../../Engine/Plugins/Runtime/Oculus/OculusVR/Content/Materials/TouchForQuestRiftSControllerMaterial.uasset" 715
"../../../Engine/Plugins/Runtime/Oculus/OculusVR/Content/Materials/TouchForQuestRiftSControllerMaterial.uexp" 716
"../../../Engine/Plugins/Runtime/Oculus/OculusVR/Content/Meshes/LeftTouchForQuestRiftSController.uasset" 717
"../../../Engine/Plugins/Runtime/Oculus/OculusVR/Content/Meshes/LeftTouchForQuestRiftSController.uexp" 718
"../../../Engine/Plugins/Runtime/Oculus/OculusVR/Content/Meshes/RiftHMD.uasset" 719
"../../../Engine/Plugins/Runtime/Oculus/OculusVR/Content/Meshes/RiftHMD.uexp" 720
"../../../Engine/Plugins/Runtime/Oculus/OculusVR/Content/Meshes/RightTouchController.uasset" 721
"../../../Engine/Plugins/Runtime/Oculus/OculusVR/Content/Meshes/RightTouchController.uexp" 722
"../../../Engine/Plugins/Runtime/Oculus/OculusVR/Content/Meshes/RightTouchForQuestRiftSController.uasset" 723
"../../../Engine/Plugins/Runtime/Oculus/OculusVR/Content/Meshes/RightTouchForQuestRiftSController.uexp" 724
"../../../Engine/Content/EngineSky/T_Sky_Stars.uasset" 725
"../../../Engine/Content/EngineSky/T_Sky_Stars.uexp" 726
"../../../Engine/Content/EngineSky/T_Sky_Stars.ubulk" 727
"../../../Engine/Content/EngineSky/T_Sky_Clouds_M.uasset" 728
"../../../Engine/Content/EngineSky/T_Sky_Clouds_M.uexp" 729
"../../../Engine/Content/EngineSky/T_Sky_Clouds_M.ubulk" 730
"../../../Engine/Content/EngineSky/T_Sky_Blue.uasset" 731
"../../../Engine/Content/EngineSky/T_Sky_Blue.uexp" 732
"../../../Engine/Content/EngineSky/T_Sky_Blue.ubulk" 733
"../../../Engine/Content/EngineSky/M_Sky_Panning_Clouds2.uasset" 734
"../../../Engine/Content/EngineSky/M_Sky_Panning_Clouds2.uexp" 735
"../../../Engine/Content/EngineSky/SM_SkySphere.uasset" 736
"../../../Engine/Content/EngineSky/SM_SkySphere.uexp" 737
"../../../Engine/Content/EngineSky/C_Sky_Zenith_Color.uasset" 738
"../../../Engine/Content/EngineSky/C_Sky_Zenith_Color.uexp" 739
"../../../Engine/Content/EngineSky/C_Sky_Cloud_Color.uasset" 740
"../../../Engine/Content/EngineSky/C_Sky_Cloud_Color.uexp" 741
"../../../Engine/Content/EngineSky/BP_Sky_Sphere.uasset" 742
"../../../Engine/Content/EngineSky/BP_Sky_Sphere.uexp" 743
"../../../Engine/Content/MapTemplates/Materials/BasicAsset02.uasset" 744
"../../../Engine/Content/MapTemplates/Materials/BasicAsset02.uexp" 745
"../../../Engine/Content/BasicShapes/BasicShapeMaterial.uasset" 746
"../../../Engine/Content/BasicShapes/BasicShapeMaterial.uexp" 747
"C:/Users/Hesolyoko/Documents/GitHub/ALessonForMe/LOTUS/LandOfTheUnused/Content/Models/Environment/Trapdoor.uasset" 748
"C:/Users/Hesolyoko/Documents/GitHub/ALessonForMe/LOTUS/LandOfTheUnused/Content/Models/Environment/Trapdoor.uexp" 749
"C:/Users/Hesolyoko/Documents/GitHub/ALessonForMe/LOTUS/LandOfTheUnused/Content/Blueprints/Environment/TrapdoorTimed.uasset" 750
"C:/Users/Hesolyoko/Documents/GitHub/ALessonForMe/LOTUS/LandOfTheUnused/Content/Blueprints/Environment/TrapdoorTimed.uexp" 751
"C:/Users/Hesolyoko/Documents/GitHub/ALessonForMe/LOTUS/LandOfTheUnused/Content/Blueprints/Environment/TrapdoorFall.uasset" 752
"C:/Users/Hesolyoko/Documents/GitHub/ALessonForMe/LOTUS/LandOfTheUnused/Content/Blueprints/Environment/TrapdoorFall.uexp" 753
"C:/Users/Hesolyoko/Documents/GitHub/ALessonForMe/LOTUS/LandOfTheUnused/Content/Blueprints/Misc/NebSprite.uasset" 754
"C:/Users/Hesolyoko/Documents/GitHub/ALessonForMe/LOTUS/LandOfTheUnused/Content/Blueprints/Misc/NebSprite.uexp" 755
"C:/Users/Hesolyoko/Documents/GitHub/ALessonForMe/LOTUS/LandOfTheUnused/Content/Blueprints/Misc/NebMaterial.uasset" 756
"C:/Users/Hesolyoko/Documents/GitHub/ALessonForMe/LOTUS/LandOfTheUnused/Content/Blueprints/Misc/NebMaterial.uexp" 757
"C:/Users/Hesolyoko/Documents/GitHub/ALessonForMe/LOTUS/LandOfTheUnused/Content/Misc/Environment/SmokeBomb.uasset" 758
"C:/Users/Hesolyoko/Documents/GitHub/ALessonForMe/LOTUS/LandOfTheUnused/Content/Misc/Environment/SmokeBomb.uexp" 759
"C:/Users/Hesolyoko/Documents/GitHub/ALessonForMe/LOTUS/LandOfTheUnused/Content/Models/Environment/Pilar1.uasset" 760
"C:/Users/Hesolyoko/Documents/GitHub/ALessonForMe/LOTUS/LandOfTheUnused/Content/Models/Environment/Pilar1.uexp" 761
"C:/Users/Hesolyoko/Documents/GitHub/ALessonForMe/LOTUS/LandOfTheUnused/Content/Models/Environment/Pilar1.ubulk" 762
"C:/Users/Hesolyoko/Documents/GitHub/ALessonForMe/LOTUS/LandOfTheUnused/Content/Models/Environment/Material.uasset" 763
"C:/Users/Hesolyoko/Documents/GitHub/ALessonForMe/LOTUS/LandOfTheUnused/Content/Models/Environment/Material.uexp" 764
"C:/Users/Hesolyoko/Documents/GitHub/ALessonForMe/LOTUS/LandOfTheUnused/Content/Models/Environment/Spawnpoint.uasset" 765
"C:/Users/Hesolyoko/Documents/GitHub/ALessonForMe/LOTUS/LandOfTheUnused/Content/Models/Environment/Spawnpoint.uexp" 766
"../../../Engine/Content/VREditor/BasicMeshes/T_CleanFloorGrunge_01_D.uasset" 767
"../../../Engine/Content/VREditor/BasicMeshes/T_CleanFloorGrunge_01_D.uexp" 768
"../../../Engine/Content/VREditor/BasicMeshes/T_CleanFloorGrunge_01_D.ubulk" 769
"../../../Engine/Content/VREditor/BasicMeshes/M_Floor_01.uasset" 770
"../../../Engine/Content/VREditor/BasicMeshes/M_Floor_01.uexp" 771
"../../../Engine/Content/VREditor/BasicMeshes/MI_Ball_01.uasset" 772
"../../../Engine/Content/VREditor/BasicMeshes/MI_Ball_01.uexp" 773
"C:/Users/Hesolyoko/Documents/GitHub/ALessonForMe/LOTUS/LandOfTheUnused/Content/Blueprints/Environment/MainPortal.uasset" 774
"C:/Users/Hesolyoko/Documents/GitHub/ALessonForMe/LOTUS/LandOfTheUnused/Content/Blueprints/Environment/MainPortal.uexp" 775
"C:/Users/Hesolyoko/Documents/GitHub/ALessonForMe/LOTUS/LandOfTheUnused/Content/Blueprints/Environment/DeathByFalling.uasset" 776
"C:/Users/Hesolyoko/Documents/GitHub/ALessonForMe/LOTUS/LandOfTheUnused/Content/Blueprints/Environment/DeathByFalling.uexp" 777
"C:/Users/Hesolyoko/Documents/GitHub/ALessonForMe/LOTUS/LandOfTheUnused/Content/Models/Environment/Tree_Plane.uasset" 778
"C:/Users/Hesolyoko/Documents/GitHub/ALessonForMe/LOTUS/LandOfTheUnused/Content/Models/Environment/Tree_Plane.uexp" 779
"C:/Users/Hesolyoko/Documents/GitHub/ALessonForMe/LOTUS/LandOfTheUnused/Content/Models/Environment/Tree_Icosphere.uasset" 780
"C:/Users/Hesolyoko/Documents/GitHub/ALessonForMe/LOTUS/LandOfTheUnused/Content/Models/Environment/Tree_Icosphere.uexp" 781
"../../../Engine/Plugins/Developer/AnimationSharing/Content/AnimSharingBase.uasset" 782
"../../../Engine/Plugins/Developer/AnimationSharing/Content/AnimSharingBase.uexp" 783
"../../../Engine/Plugins/Developer/AnimationSharing/Content/AnimSharingGreen.uasset" 784
"../../../Engine/Plugins/Developer/AnimationSharing/Content/AnimSharingGreen.uexp" 785
"C:/Users/Hesolyoko/Documents/GitHub/ALessonForMe/LOTUS/LandOfTheUnused/Content/Blueprints/Environment/BP_Tree.uasset" 786
"C:/Users/Hesolyoko/Documents/GitHub/ALessonForMe/LOTUS/LandOfTheUnused/Content/Blueprints/Environment/BP_Tree.uexp" 787
"../../../Engine/Content/Functions/Engine_MaterialFunctions03/Math/RemapValueRange.uasset" 788
"../../../Engine/Content/Functions/Engine_MaterialFunctions03/Math/RemapValueRange.uexp" 789
"../../../Engine/Plugins/Enterprise/DatasmithContent/Content/Materials/FBXImporter/VRED/RemapDistribution.uasset" 790
"../../../Engine/Plugins/Enterprise/DatasmithContent/Content/Materials/FBXImporter/VRED/RemapDistribution.uexp" 791
"../../../Engine/Content/Functions/MaterialLayerFunctions/MatLayerBlend_Standard.uasset" 792
"../../../Engine/Content/Functions/MaterialLayerFunctions/MatLayerBlend_Standard.uexp" 793
"../../../Engine/Content/Functions/Engine_MaterialFunctions01/Texturing/FlattenNormal.uasset" 794
"../../../Engine/Content/Functions/Engine_MaterialFunctions01/Texturing/FlattenNormal.uexp" 795
"../../../Engine/Content/Functions/Engine_MaterialFunctions02/WorldPositionOffset/LocalPosition.uasset" 796
"../../../Engine/Content/Functions/Engine_MaterialFunctions02/WorldPositionOffset/LocalPosition.uexp" 797
"../../../Engine/Plugins/Enterprise/DatasmithContent/Content/Materials/FBXImporter/VRED/SimplifiedFlakes.uasset" 798
"../../../Engine/Plugins/Enterprise/DatasmithContent/Content/Materials/FBXImporter/VRED/SimplifiedFlakes.uexp" 799
"../../../Engine/Content/Functions/Engine_MaterialFunctions02/Fresnel_Function.uasset" 800
"../../../Engine/Content/Functions/Engine_MaterialFunctions02/Fresnel_Function.uexp" 801
"../../../Engine/Content/EngineMaterials/Good64x64TilingNoiseHighFreq.uasset" 802
"../../../Engine/Content/EngineMaterials/Good64x64TilingNoiseHighFreq.uexp" 803
"../../../Engine/Plugins/Enterprise/DatasmithContent/Content/Materials/FBXImporter/VRED/CellularFlakes.uasset" 804
"../../../Engine/Plugins/Enterprise/DatasmithContent/Content/Materials/FBXImporter/VRED/CellularFlakes.uexp" 805
"../../../Engine/Plugins/Enterprise/DatasmithContent/Content/Materials/FBXImporter/VRED/VREDRepeatMode.uasset" 806
"../../../Engine/Plugins/Enterprise/DatasmithContent/Content/Materials/FBXImporter/VRED/VREDRepeatMode.uexp" 807
"../../../Engine/Content/Functions/Engine_MaterialFunctions02/Texturing/CustomRotator.uasset" 808
"../../../Engine/Content/Functions/Engine_MaterialFunctions02/Texturing/CustomRotator.uexp" 809
"../../../Engine/Plugins/Enterprise/DatasmithContent/Content/Materials/FBXImporter/VRED/UVMapping.uasset" 810
"../../../Engine/Plugins/Enterprise/DatasmithContent/Content/Materials/FBXImporter/VRED/UVMapping.uexp" 811
"../../../Engine/Plugins/Enterprise/DatasmithContent/Content/Materials/FBXImporter/VRED/TriplanarMapping.uasset" 812
"../../../Engine/Plugins/Enterprise/DatasmithContent/Content/Materials/FBXImporter/VRED/TriplanarMapping.uexp" 813
"../../../Engine/Plugins/Enterprise/DatasmithContent/Content/Materials/FBXImporter/VRED/PlanarMapping.uasset" 814
"../../../Engine/Plugins/Enterprise/DatasmithContent/Content/Materials/FBXImporter/VRED/PlanarMapping.uexp" 815
"../../../Engine/Plugins/Enterprise/DatasmithContent/Content/Materials/FBXImporter/VRED/VREDTextureRead.uasset" 816
"../../../Engine/Plugins/Enterprise/DatasmithContent/Content/Materials/FBXImporter/VRED/VREDTextureRead.uexp" 817
"../../../Engine/Content/Functions/MaterialLayerFunctions/MatLayerBlend_Simple.uasset" 818
"../../../Engine/Content/Functions/MaterialLayerFunctions/MatLayerBlend_Simple.uexp" 819
"../../../Engine/Content/Functions/Engine_MaterialFunctions01/Texturing/BakedDisplacement.uasset" 820
"../../../Engine/Content/Functions/Engine_MaterialFunctions01/Texturing/BakedDisplacement.uexp" 821
"../../../Engine/Content/EditorShapes/Textures/T_ShapeNormal.uasset" 822
"../../../Engine/Content/EditorShapes/Textures/T_ShapeNormal.uexp" 823
"../../../Engine/Content/EditorShapes/Textures/T_ShapeNormal.ubulk" 824
"../../../Engine/Plugins/Enterprise/DatasmithContent/Content/Materials/FBXImporter/VRED/MetallicCarpaint.uasset" 825
"../../../Engine/Plugins/Enterprise/DatasmithContent/Content/Materials/FBXImporter/VRED/MetallicCarpaint.uexp" 826
"C:/Users/Hesolyoko/Documents/GitHub/ALessonForMe/LOTUS/LandOfTheUnused/Content/Blueprints/Environment/BP_MainGoal.uasset" 827
"C:/Users/Hesolyoko/Documents/GitHub/ALessonForMe/LOTUS/LandOfTheUnused/Content/Blueprints/Environment/BP_MainGoal.uexp" 828
"../../../Engine/Plugins/Developer/AnimationSharing/Content/AnimSharingBlue.uasset" 829
"../../../Engine/Plugins/Developer/AnimationSharing/Content/AnimSharingBlue.uexp" 830
"C:/Users/Hesolyoko/Documents/GitHub/ALessonForMe/LOTUS/LandOfTheUnused/Content/Blueprints/Environment/BP_GoalBlue.uasset" 831
"C:/Users/Hesolyoko/Documents/GitHub/ALessonForMe/LOTUS/LandOfTheUnused/Content/Blueprints/Environment/BP_GoalBlue.uexp" 832
"C:/Users/Hesolyoko/Documents/GitHub/ALessonForMe/LOTUS/LandOfTheUnused/Content/Blueprints/Environment/BP_GateBlue.uasset" 833
"C:/Users/Hesolyoko/Documents/GitHub/ALessonForMe/LOTUS/LandOfTheUnused/Content/Blueprints/Environment/BP_GateBlue.uexp" 834
"C:/Users/Hesolyoko/Documents/GitHub/ALessonForMe/LOTUS/LandOfTheUnused/Content/Animations/Environment/Chestblend_Anim.uasset" 835
"C:/Users/Hesolyoko/Documents/GitHub/ALessonForMe/LOTUS/LandOfTheUnused/Content/Animations/Environment/Chestblend_Anim.uexp" 836
"C:/Users/Hesolyoko/Documents/GitHub/ALessonForMe/LOTUS/LandOfTheUnused/Content/Models/Misc/Sword.uasset" 837
"C:/Users/Hesolyoko/Documents/GitHub/ALessonForMe/LOTUS/LandOfTheUnused/Content/Models/Misc/Sword.uexp" 838
"C:/Users/Hesolyoko/Documents/GitHub/ALessonForMe/LOTUS/LandOfTheUnused/Content/Models/Environment/Chestblend_PhysicsAsset.uasset" 839
"C:/Users/Hesolyoko/Documents/GitHub/ALessonForMe/LOTUS/LandOfTheUnused/Content/Models/Environment/Chestblend_PhysicsAsset.uexp" 840
"C:/Users/Hesolyoko/Documents/GitHub/ALessonForMe/LOTUS/LandOfTheUnused/Content/Models/Environment/Chest.uasset" 841
"C:/Users/Hesolyoko/Documents/GitHub/ALessonForMe/LOTUS/LandOfTheUnused/Content/Models/Environment/Chest.uexp" 842
"C:/Users/Hesolyoko/Documents/GitHub/ALessonForMe/LOTUS/LandOfTheUnused/Content/Models/Environment/Chest.ubulk" 843
"C:/Users/Hesolyoko/Documents/GitHub/ALessonForMe/LOTUS/LandOfTheUnused/Content/Models/Environment/Chest_Mat.uasset" 844
"C:/Users/Hesolyoko/Documents/GitHub/ALessonForMe/LOTUS/LandOfTheUnused/Content/Models/Environment/Chest_Mat.uexp" 845
"C:/Users/Hesolyoko/Documents/GitHub/ALessonForMe/LOTUS/LandOfTheUnused/Content/Models/Environment/Chestblend.uasset" 846
"C:/Users/Hesolyoko/Documents/GitHub/ALessonForMe/LOTUS/LandOfTheUnused/Content/Models/Environment/Chestblend.uexp" 847
"C:/Users/Hesolyoko/Documents/GitHub/ALessonForMe/LOTUS/LandOfTheUnused/Content/Blueprints/Environment/BP_Chest.uasset" 848
"C:/Users/Hesolyoko/Documents/GitHub/ALessonForMe/LOTUS/LandOfTheUnused/Content/Blueprints/Environment/BP_Chest.uexp" 849
"C:/Users/Hesolyoko/Documents/GitHub/ALessonForMe/LOTUS/LandOfTheUnused/Content/Models/Enemies/Teapothead.uasset" 850
"C:/Users/Hesolyoko/Documents/GitHub/ALessonForMe/LOTUS/LandOfTheUnused/Content/Models/Enemies/Teapothead.uexp" 851
"C:/Users/Hesolyoko/Documents/GitHub/ALessonForMe/LOTUS/LandOfTheUnused/Content/Blueprints/Enemies/BP_Spinninghead.uasset" 852
"C:/Users/Hesolyoko/Documents/GitHub/ALessonForMe/LOTUS/LandOfTheUnused/Content/Blueprints/Enemies/BP_Spinninghead.uexp" 853
"../../../Engine/Content/Functions/Engine_MaterialFunctions02/ExampleContent/Textures/newhplaneNormalsMap.uasset" 854
"../../../Engine/Content/Functions/Engine_MaterialFunctions02/ExampleContent/Textures/newhplaneNormalsMap.uexp" 855
"../../../Engine/Content/Functions/Engine_MaterialFunctions02/ExampleContent/Textures/newhplaneNormalsMap.ubulk" 856
"../../../Engine/Content/Functions/Engine_MaterialFunctions02/ExampleContent/Textures/newhplaneLightingMap.uasset" 857
"../../../Engine/Content/Functions/Engine_MaterialFunctions02/ExampleContent/Textures/newhplaneLightingMap.uexp" 858
"../../../Engine/Content/Functions/Engine_MaterialFunctions02/ExampleContent/Textures/newhplaneLightingMap.ubulk" 859
"../../../Engine/Content/Functions/Engine_MaterialFunctions02/ExampleContent/Textures/newhplaneAlphaMap.uasset" 860
"../../../Engine/Content/Functions/Engine_MaterialFunctions02/ExampleContent/Textures/newhplaneAlphaMap.uexp" 861
"../../../Engine/Content/Functions/Engine_MaterialFunctions02/ExampleContent/Textures/newhplaneAlphaMap.ubulk" 862
"../../../Engine/Content/Functions/Engine_MaterialFunctions02/ExampleContent/Textures/newhplaneHeightMap.uasset" 863
"../../../Engine/Content/Functions/Engine_MaterialFunctions02/ExampleContent/Textures/newhplaneHeightMap.uexp" 864
"../../../Engine/Content/Functions/Engine_MaterialFunctions02/ExampleContent/Textures/newhplaneHeightMap.ubulk" 865
"../../../Engine/Content/Functions/Engine_MaterialFunctions02/Texturing/3dParticleOpacity.uasset" 866
"../../../Engine/Content/Functions/Engine_MaterialFunctions02/Texturing/3dParticleOpacity.uexp" 867
"../../../Engine/Content/MapTemplates/Sky/DaylightAmbientCubemap.uasset" 868
"../../../Engine/Content/MapTemplates/Sky/DaylightAmbientCubemap.uexp" 869
"../../../Engine/Content/Functions/Engine_MaterialFunctions02/ExampleContent/3dParticleOpacity_Mat.uasset" 870
"../../../Engine/Content/Functions/Engine_MaterialFunctions02/ExampleContent/3dParticleOpacity_Mat.uexp" 871
"C:/Users/Hesolyoko/Documents/GitHub/ALessonForMe/LOTUS/LandOfTheUnused/Content/Misc/Environment/ActualSmoke.uasset" 872
"C:/Users/Hesolyoko/Documents/GitHub/ALessonForMe/LOTUS/LandOfTheUnused/Content/Misc/Environment/ActualSmoke.uexp" 873
"../../../Engine/Content/EngineMaterials/Grid.uasset" 874
"../../../Engine/Content/EngineMaterials/Grid.uexp" 875
"../../../Engine/Content/EngineMaterials/Grid.ubulk" 876
"../../../Engine/Content/EditorMaterials/Thumbnails/FloorPlaneMaterial.uasset" 877
"../../../Engine/Content/EditorMaterials/Thumbnails/FloorPlaneMaterial.uexp" 878
"C:/Users/Hesolyoko/Documents/GitHub/ALessonForMe/LOTUS/LandOfTheUnused/Content/Models/Enemies/Bone_Texture.uasset" 879
"C:/Users/Hesolyoko/Documents/GitHub/ALessonForMe/LOTUS/LandOfTheUnused/Content/Models/Enemies/Bone_Texture.uexp" 880
"C:/Users/Hesolyoko/Documents/GitHub/ALessonForMe/LOTUS/LandOfTheUnused/Content/Models/Enemies/DWDeath_Sphere.uasset" 881
"C:/Users/Hesolyoko/Documents/GitHub/ALessonForMe/LOTUS/LandOfTheUnused/Content/Models/Enemies/DWDeath_Sphere.uexp" 882
"C:/Users/Hesolyoko/Documents/GitHub/ALessonForMe/LOTUS/LandOfTheUnused/Content/Models/Enemies/Material_003.uasset" 883
"C:/Users/Hesolyoko/Documents/GitHub/ALessonForMe/LOTUS/LandOfTheUnused/Content/Models/Enemies/Material_003.uexp" 884
"C:/Users/Hesolyoko/Documents/GitHub/ALessonForMe/LOTUS/LandOfTheUnused/Content/Models/Enemies/DWDeath_Cylinder.uasset" 885
"C:/Users/Hesolyoko/Documents/GitHub/ALessonForMe/LOTUS/LandOfTheUnused/Content/Models/Enemies/DWDeath_Cylinder.uexp" 886
"C:/Users/Hesolyoko/Documents/GitHub/ALessonForMe/LOTUS/LandOfTheUnused/Content/Blueprints/Enemies/BP_Boss.uasset" 887
"C:/Users/Hesolyoko/Documents/GitHub/ALessonForMe/LOTUS/LandOfTheUnused/Content/Blueprints/Enemies/BP_Boss.uexp" 888
"C:/Users/Hesolyoko/Documents/GitHub/ALessonForMe/LOTUS/LandOfTheUnused/Content/Blueprints/Character/Gamemode/Player_MC.uasset" 889
"C:/Users/Hesolyoko/Documents/GitHub/ALessonForMe/LOTUS/LandOfTheUnused/Content/Blueprints/Character/Gamemode/Player_MC.uexp" 890
"C:/Users/Hesolyoko/Documents/GitHub/ALessonForMe/LOTUS/LandOfTheUnused/Content/Blueprints/Character/Gamemode/GM_01.uasset" 891
"C:/Users/Hesolyoko/Documents/GitHub/ALessonForMe/LOTUS/LandOfTheUnused/Content/Blueprints/Character/Gamemode/GM_01.uexp" 892
"../../../Engine/Content/EditorShellMaterials/T_BaseOverlay.uasset" 893
"../../../Engine/Content/EditorShellMaterials/T_BaseOverlay.uexp" 894
"../../../Engine/Content/EditorShellMaterials/T_BaseOverlay.ubulk" 895
"../../../Engine/Content/EditorShellMaterials/T_Base.uasset" 896
"../../../Engine/Content/EditorShellMaterials/T_Base.uexp" 897
"../../../Engine/Content/EditorShellMaterials/M_ShellMaster.uasset" 898
"../../../Engine/Content/EditorShellMaterials/M_ShellMaster.uexp" 899
"../../../Engine/Content/EditorShellMaterials/WorldUVs/MI_BaseInterpMesh_WUV.uasset" 900
"../../../Engine/Content/EditorShellMaterials/WorldUVs/MI_BaseInterpMesh_WUV.uexp" 901
"C:/Users/Hesolyoko/Documents/GitHub/ALessonForMe/LOTUS/LandOfTheUnused/Content/Models/Environment/Wall1.uasset" 902
"C:/Users/Hesolyoko/Documents/GitHub/ALessonForMe/LOTUS/LandOfTheUnused/Content/Models/Environment/Wall1.uexp" 903
"C:/Users/Hesolyoko/Documents/GitHub/ALessonForMe/LOTUS/LandOfTheUnused/Content/Models/Environment/Wall1.ubulk" 904
"C:/Users/Hesolyoko/Documents/GitHub/ALessonForMe/LOTUS/LandOfTheUnused/Content/Models/Environment/Material_002.uasset" 905
"C:/Users/Hesolyoko/Documents/GitHub/ALessonForMe/LOTUS/LandOfTheUnused/Content/Models/Environment/Material_002.uexp" 906
"C:/Users/Hesolyoko/Documents/GitHub/ALessonForMe/LOTUS/LandOfTheUnused/Content/Models/Environment/Wall.uasset" 907
"C:/Users/Hesolyoko/Documents/GitHub/ALessonForMe/LOTUS/LandOfTheUnused/Content/Models/Environment/Wall.uexp" 908
"C:/Users/Hesolyoko/Documents/GitHub/ALessonForMe/LOTUS/LandOfTheUnused/Content/Models/Environment/Rocks.uasset" 909
"C:/Users/Hesolyoko/Documents/GitHub/ALessonForMe/LOTUS/LandOfTheUnused/Content/Models/Environment/Rocks.uexp" 910
"C:/Users/Hesolyoko/Documents/GitHub/ALessonForMe/LOTUS/LandOfTheUnused/Content/Models/Environment/Pilar.uasset" 911
"C:/Users/Hesolyoko/Documents/GitHub/ALessonForMe/LOTUS/LandOfTheUnused/Content/Models/Environment/Pilar.uexp" 912
"C:/Users/Hesolyoko/Documents/GitHub/ALessonForMe/LOTUS/LandOfTheUnused/Content/Models/Environment/Floor1.uasset" 913
"C:/Users/Hesolyoko/Documents/GitHub/ALessonForMe/LOTUS/LandOfTheUnused/Content/Models/Environment/Floor1.uexp" 914
"C:/Users/Hesolyoko/Documents/GitHub/ALessonForMe/LOTUS/LandOfTheUnused/Content/Models/Environment/Floor1.ubulk" 915
"C:/Users/Hesolyoko/Documents/GitHub/ALessonForMe/LOTUS/LandOfTheUnused/Content/Models/Environment/0eea4b826599b804f7b0db99e8741b3e.uasset" 916
"C:/Users/Hesolyoko/Documents/GitHub/ALessonForMe/LOTUS/LandOfTheUnused/Content/Models/Environment/0eea4b826599b804f7b0db99e8741b3e.uexp" 917
"C:/Users/Hesolyoko/Documents/GitHub/ALessonForMe/LOTUS/LandOfTheUnused/Content/Models/Environment/0eea4b826599b804f7b0db99e8741b3e.ubulk" 918
"C:/Users/Hesolyoko/Documents/GitHub/ALessonForMe/LOTUS/LandOfTheUnused/Content/Models/Environment/Material_001.uasset" 919
"C:/Users/Hesolyoko/Documents/GitHub/ALessonForMe/LOTUS/LandOfTheUnused/Content/Models/Environment/Material_001.uexp" 920
"C:/Users/Hesolyoko/Documents/GitHub/ALessonForMe/LOTUS/LandOfTheUnused/Content/Models/Environment/Floor.uasset" 921
"C:/Users/Hesolyoko/Documents/GitHub/ALessonForMe/LOTUS/LandOfTheUnused/Content/Models/Environment/Floor.uexp" 922
"C:/Users/Hesolyoko/Documents/GitHub/ALessonForMe/LOTUS/LandOfTheUnused/Content/Models/Environment/Flagblend.uasset" 923
"C:/Users/Hesolyoko/Documents/GitHub/ALessonForMe/LOTUS/LandOfTheUnused/Content/Models/Environment/Flagblend.uexp" 924
"C:/Users/Hesolyoko/Documents/GitHub/ALessonForMe/LOTUS/LandOfTheUnused/Content/Models/Environment/Flagblend.ubulk" 925
"C:/Users/Hesolyoko/Documents/GitHub/ALessonForMe/LOTUS/LandOfTheUnused/Content/Models/Environment/Material_003.uasset" 926
"C:/Users/Hesolyoko/Documents/GitHub/ALessonForMe/LOTUS/LandOfTheUnused/Content/Models/Environment/Material_003.uexp" 927
"C:/Users/Hesolyoko/Documents/GitHub/ALessonForMe/LOTUS/LandOfTheUnused/Content/Models/Environment/Flagblend_Cylinder.uasset" 928
"C:/Users/Hesolyoko/Documents/GitHub/ALessonForMe/LOTUS/LandOfTheUnused/Content/Models/Environment/Flagblend_Cylinder.uexp" 929
"C:/Users/Hesolyoko/Documents/GitHub/ALessonForMe/LOTUS/LandOfTheUnused/Content/Models/Environment/Crystal_Cube_002.uasset" 930
"C:/Users/Hesolyoko/Documents/GitHub/ALessonForMe/LOTUS/LandOfTheUnused/Content/Models/Environment/Crystal_Cube_002.uexp" 931
"C:/Users/Hesolyoko/Documents/GitHub/ALessonForMe/LOTUS/LandOfTheUnused/Content/Models/Environment/Crystal_Cube_001.uasset" 932
"C:/Users/Hesolyoko/Documents/GitHub/ALessonForMe/LOTUS/LandOfTheUnused/Content/Models/Environment/Crystal_Cube_001.uexp" 933
"C:/Users/Hesolyoko/Documents/GitHub/ALessonForMe/LOTUS/LandOfTheUnused/Content/Models/Environment/Crystal_Cube.uasset" 934
"C:/Users/Hesolyoko/Documents/GitHub/ALessonForMe/LOTUS/LandOfTheUnused/Content/Models/Environment/Crystal_Cube.uexp" 935
"C:/Users/Hesolyoko/Documents/GitHub/ALessonForMe/LOTUS/LandOfTheUnused/Content/Models/Boc.uasset" 936
"C:/Users/Hesolyoko/Documents/GitHub/ALessonForMe/LOTUS/LandOfTheUnused/Content/Models/Boc.uexp" 937
"C:/Users/Hesolyoko/Documents/GitHub/ALessonForMe/LOTUS/LandOfTheUnused/Content/Models/Boc.ubulk" 938
"C:/Users/Hesolyoko/Documents/GitHub/ALessonForMe/LOTUS/LandOfTheUnused/Content/Models/Environment/Boc_Mat.uasset" 939
"C:/Users/Hesolyoko/Documents/GitHub/ALessonForMe/LOTUS/LandOfTheUnused/Content/Models/Environment/Boc_Mat.uexp" 940
"C:/Users/Hesolyoko/Documents/GitHub/ALessonForMe/LOTUS/LandOfTheUnused/Content/Models/Environment/BOC.uasset" 941
"C:/Users/Hesolyoko/Documents/GitHub/ALessonForMe/LOTUS/LandOfTheUnused/Content/Models/Environment/BOC.uexp" 942
"C:/Users/Hesolyoko/Documents/GitHub/ALessonForMe/LOTUS/LandOfTheUnused/Content/Misc/Misc/First.uexp" 943
"C:/Users/Hesolyoko/Documents/GitHub/ALessonForMe/LOTUS/LandOfTheUnused/Content/Misc/Misc/First.umap" 944
"C:/Users/Hesolyoko/Documents/GitHub/ALessonForMe/LOTUS/LandOfTheUnused/Content/Misc/Misc/GameOverScreen.uasset" 945
"C:/Users/Hesolyoko/Documents/GitHub/ALessonForMe/LOTUS/LandOfTheUnused/Content/Misc/Misc/GameOverScreen.uexp" 946
"C:/Users/Hesolyoko/Documents/GitHub/ALessonForMe/LOTUS/LandOfTheUnused/Content/Misc/Misc/GameOverScreen.ubulk" 947
"C:/Users/Hesolyoko/Documents/GitHub/ALessonForMe/LOTUS/LandOfTheUnused/Content/Misc/GameOverScreen.uasset" 948
"C:/Users/Hesolyoko/Documents/GitHub/ALessonForMe/LOTUS/LandOfTheUnused/Content/Misc/GameOverScreen.uexp" 949
"C:/Users/Hesolyoko/Documents/GitHub/ALessonForMe/LOTUS/LandOfTheUnused/Content/Misc/Misc/GameOver.uexp" 950
"C:/Users/Hesolyoko/Documents/GitHub/ALessonForMe/LOTUS/LandOfTheUnused/Content/Misc/Misc/GameOver.umap" 951
"C:/Users/Hesolyoko/Documents/GitHub/ALessonForMe/LOTUS/LandOfTheUnused/Content/Misc/Misc/LandOfTheUnusedTitles.uasset" 952
"C:/Users/Hesolyoko/Documents/GitHub/ALessonForMe/LOTUS/LandOfTheUnused/Content/Misc/Misc/LandOfTheUnusedTitles.uexp" 953
"C:/Users/Hesolyoko/Documents/GitHub/ALessonForMe/LOTUS/LandOfTheUnused/Content/Misc/Misc/LandOfTheUnusedTitles.ubulk" 954
"C:/Users/Hesolyoko/Documents/GitHub/ALessonForMe/LOTUS/LandOfTheUnused/Content/Misc/Misc/MainMenu.uasset" 955
"C:/Users/Hesolyoko/Documents/GitHub/ALessonForMe/LOTUS/LandOfTheUnused/Content/Misc/Misc/MainMenu.uexp" 956
"C:/Users/Hesolyoko/Documents/GitHub/ALessonForMe/LOTUS/LandOfTheUnused/Content/Misc/Misc/Title.uexp" 957
"C:/Users/Hesolyoko/Documents/GitHub/ALessonForMe/LOTUS/LandOfTheUnused/Content/Misc/Misc/Title.umap" 958
"../../../Engine/Content/EngineFonts/Faces/RobotoTiny.uasset" 959
"../../../Engine/Content/EngineFonts/Faces/RobotoTiny.uexp" 960
"../../../Engine/Content/EngineFonts/Faces/RobotoTiny.ufont" 961
"../../../Engine/Content/EngineFonts/RobotoTiny.uasset" 962
"../../../Engine/Content/EngineFonts/RobotoTiny.uexp" 963
"C:/Users/Hesolyoko/Documents/GitHub/ALessonForMe/LOTUS/LandOfTheUnused/Content/Misc/Misc/YouWin.uasset" 964
"C:/Users/Hesolyoko/Documents/GitHub/ALessonForMe/LOTUS/LandOfTheUnused/Content/Misc/Misc/YouWin.uexp" 965
"../../../Engine/Content/TemplateResources/M_Template_Master.uasset" 966
"../../../Engine/Content/TemplateResources/M_Template_Master.uexp" 967
"../../../Engine/Content/TemplateResources/MI_Template_BaseGray_02_Metal.uasset" 968
"../../../Engine/Content/TemplateResources/MI_Template_BaseGray_02_Metal.uexp" 969
"C:/Users/Hesolyoko/Documents/GitHub/ALessonForMe/LOTUS/LandOfTheUnused/Content/Blueprints/Character/WinDude.uasset" 970
"C:/Users/Hesolyoko/Documents/GitHub/ALessonForMe/LOTUS/LandOfTheUnused/Content/Blueprints/Character/WinDude.uexp" 971
"../../../Engine/Content/BasicShapes/Cube.uasset" 972
"../../../Engine/Content/BasicShapes/Cube.uexp" 973
"../../../Engine/Content/TemplateResources/MI_Template_BaseGray_Metal.uasset" 974
"../../../Engine/Content/TemplateResources/MI_Template_BaseGray_Metal.uexp" 975
"../../../Engine/Content/TemplateResources/MI_Template_BaseGray_03_Metal.uasset" 976
"../../../Engine/Content/TemplateResources/MI_Template_BaseGray_03_Metal.uexp" 977
"C:/Users/Hesolyoko/Documents/GitHub/ALessonForMe/LOTUS/LandOfTheUnused/Content/Models/Misc/BP_Platform.uasset" 978
"C:/Users/Hesolyoko/Documents/GitHub/ALessonForMe/LOTUS/LandOfTheUnused/Content/Models/Misc/BP_Platform.uexp" 979
"C:/Users/Hesolyoko/Documents/GitHub/ALessonForMe/LOTUS/LandOfTheUnused/Content/Misc/Misc/Win.uexp" 980
"C:/Users/Hesolyoko/Documents/GitHub/ALessonForMe/LOTUS/LandOfTheUnused/Content/Misc/Misc/Win.umap" 981
"../../../Engine/Content/Maps/Entry_BuiltData.uasset" 982
"../../../Engine/Content/Maps/Entry_BuiltData.uexp" 983
"../../../Engine/Content/Maps/Entry.uexp" 984
"../../../Engine/Content/Maps/Entry.umap" 985
